<?xml version="1.0" encoding="utf-8"?>
<CoverageSession xmlns:xsd="http://www.w3.org/2001/XMLSchema" xmlns:xsi="http://www.w3.org/2001/XMLSchema-instance">
  <Summary numSequencePoints="0" visitedSequencePoints="0" numBranchPoints="0" visitedBranchPoints="0" sequenceCoverage="0" branchCoverage="0" maxCyclomaticComplexity="0" minCyclomaticComplexity="0" visitedClasses="0" numClasses="0" visitedMethods="0" numMethods="0" />
  <Modules>
    <Module skippedDueTo="Filter" hash="78-86-CA-91-BC-E9-44-44-8A-FE-35-6A-EA-51-55-5A-F6-5A-42-46">
      <ModulePath>C:\Windows\Microsoft.Net\assembly\GAC_32\mscorlib\v4.0_4.0.0.0__b77a5c561934e089\mscorlib.dll</ModulePath>
      <ModuleTime>2016-07-12T22:53:01.6914662Z</ModuleTime>
      <ModuleName>mscorlib</ModuleName>
      <Classes />
    </Module>
    <Module skippedDueTo="Filter" hash="5C-82-E3-E4-4E-4D-70-5F-6E-0A-28-83-6E-4A-AC-20-0D-55-85-C0">
      <ModulePath>C:\Program Files (x86)\Microsoft Visual Studio 14.0\Common7\IDE\MSTest.exe</ModulePath>
      <ModuleTime>2015-07-07T07:51:38Z</ModuleTime>
      <ModuleName>MSTest</ModuleName>
      <Classes />
    </Module>
    <Module skippedDueTo="Filter" hash="2C-68-4E-D5-C1-3A-95-ED-B2-9B-A5-AC-35-83-4B-2A-92-7D-EC-71">
      <ModulePath>C:\Windows\assembly\GAC_MSIL\Microsoft.VisualStudio.QualityTools.Common\14.0.0.0__b03f5f7f11d50a3a\Microsoft.VisualStudio.QualityTools.Common.dll</ModulePath>
      <ModuleTime>2016-07-12T22:45:03.4036159Z</ModuleTime>
      <ModuleName>Microsoft.VisualStudio.QualityTools.Common</ModuleName>
      <Classes />
    </Module>
    <Module skippedDueTo="Filter" hash="EE-77-8B-34-FE-47-61-EA-AD-62-7D-B3-79-79-9C-B7-64-F3-12-03">
      <ModulePath>C:\Windows\Microsoft.Net\assembly\GAC_MSIL\System\v4.0_4.0.0.0__b77a5c561934e089\System.dll</ModulePath>
      <ModuleTime>2016-07-12T22:53:05.0624675Z</ModuleTime>
      <ModuleName>System</ModuleName>
      <Classes />
    </Module>
    <Module skippedDueTo="Filter" hash="AA-3B-1D-46-19-3E-D3-88-43-47-D3-1C-48-42-12-21-60-87-13-47">
      <ModulePath>C:\Windows\assembly\GAC_MSIL\Microsoft.VisualStudio.QualityTools.ExecutionCommon\14.0.0.0__b03f5f7f11d50a3a\Microsoft.VisualStudio.QualityTools.ExecutionCommon.dll</ModulePath>
      <ModuleTime>2016-07-12T22:18:44.541548Z</ModuleTime>
      <ModuleName>Microsoft.VisualStudio.QualityTools.ExecutionCommon</ModuleName>
      <Classes />
    </Module>
    <Module skippedDueTo="Filter" hash="BA-37-91-08-FF-4E-E3-92-22-87-5C-B0-C4-31-B2-CD-D2-72-57-18">
      <ModulePath>C:\Windows\assembly\GAC_MSIL\Microsoft.VisualStudio.QualityTools.Resource\14.0.0.0__b03f5f7f11d50a3a\Microsoft.VisualStudio.QualityTools.Resource.dll</ModulePath>
      <ModuleTime>2016-07-12T22:18:44.5655531Z</ModuleTime>
      <ModuleName>Microsoft.VisualStudio.QualityTools.Resource</ModuleName>
      <Classes />
    </Module>
    <Module skippedDueTo="Filter" hash="9C-DB-95-DC-25-D5-38-7E-C2-3A-20-8F-14-5D-A9-56-2A-D7-00-E3">
      <ModulePath>C:\Windows\Microsoft.Net\assembly\GAC_MSIL\System.Configuration\v4.0_4.0.0.0__b03f5f7f11d50a3a\System.Configuration.dll</ModulePath>
      <ModuleTime>2016-07-12T22:53:05.3544668Z</ModuleTime>
      <ModuleName>System.Configuration</ModuleName>
      <Classes />
    </Module>
    <Module skippedDueTo="Filter" hash="F7-E9-75-D6-35-98-70-4A-0F-45-76-1B-B3-83-70-38-5E-DF-02-47">
      <ModulePath>C:\Windows\Microsoft.Net\assembly\GAC_MSIL\System.Xml\v4.0_4.0.0.0__b77a5c561934e089\System.Xml.dll</ModulePath>
      <ModuleTime>2016-07-12T22:53:05.0684662Z</ModuleTime>
      <ModuleName>System.Xml</ModuleName>
      <Classes />
    </Module>
    <Module skippedDueTo="Filter" hash="01-76-93-04-A0-DC-E8-05-99-10-09-82-2B-83-D9-A0-07-06-C8-E6">
      <ModulePath>C:\Windows\Microsoft.Net\assembly\GAC_MSIL\Microsoft.VisualStudio.QualityTools.CommandLine\v4.0_14.0.0.0__b03f5f7f11d50a3a\Microsoft.VisualStudio.QualityTools.CommandLine.dll</ModulePath>
      <ModuleTime>2016-07-12T22:18:44.4955394Z</ModuleTime>
      <ModuleName>Microsoft.VisualStudio.QualityTools.CommandLine</ModuleName>
      <Classes />
    </Module>
    <Module skippedDueTo="Filter" hash="04-58-89-F2-0B-CE-93-0E-73-AA-3D-87-9D-5D-45-11-C0-02-86-EF">
      <ModulePath>C:\Windows\assembly\GAC_MSIL\Microsoft.VisualStudio.QualityTools.TMI\14.0.0.0__b03f5f7f11d50a3a\Microsoft.VisualStudio.QualityTools.TMI.dll</ModulePath>
      <ModuleTime>2016-07-12T22:18:44.6705682Z</ModuleTime>
      <ModuleName>Microsoft.VisualStudio.QualityTools.TMI</ModuleName>
      <Classes />
    </Module>
    <Module skippedDueTo="Filter" hash="31-76-6A-81-5B-45-2B-B2-02-8C-E4-69-D2-C3-8F-87-B1-54-25-E8">
      <ModulePath>C:\Windows\Microsoft.Net\assembly\GAC_MSIL\System.Core\v4.0_4.0.0.0__b77a5c561934e089\System.Core.dll</ModulePath>
      <ModuleTime>2016-07-12T22:53:05.3504661Z</ModuleTime>
      <ModuleName>System.Core</ModuleName>
      <Classes />
    </Module>
  </Modules>
</CoverageSession>