<?xml version="1.0" encoding="utf-8"?>
<CoverageSession xmlns:xsd="http://www.w3.org/2001/XMLSchema" xmlns:xsi="http://www.w3.org/2001/XMLSchema-instance">
  <Summary numSequencePoints="1540" visitedSequencePoints="9" numBranchPoints="700" visitedBranchPoints="2" sequenceCoverage="0.58" branchCoverage="0.29" maxCyclomaticComplexity="15" minCyclomaticComplexity="1" visitedClasses="1" numClasses="64" visitedMethods="2" numMethods="240" />
  <Modules>
    <Module skippedDueTo="Filter" hash="78-86-CA-91-BC-E9-44-44-8A-FE-35-6A-EA-51-55-5A-F6-5A-42-46">
      <ModulePath>C:\Windows\Microsoft.Net\assembly\GAC_32\mscorlib\v4.0_4.0.0.0__b77a5c561934e089\mscorlib.dll</ModulePath>
      <ModuleTime>2016-07-12T22:53:01.6914662Z</ModuleTime>
      <ModuleName>mscorlib</ModuleName>
      <Classes />
    </Module>
    <Module skippedDueTo="Filter" hash="00-3F-2F-6A-C9-54-E6-65-54-00-DC-70-9A-DF-2C-D5-CC-6A-7B-88">
      <ModulePath>C:\Program Files (x86)\Microsoft Visual Studio\2017\Enterprise\Common7\IDE\MSTest.exe</ModulePath>
      <ModuleTime>2017-04-03T15:18:51.4911742Z</ModuleTime>
      <ModuleName>MSTest</ModuleName>
      <Classes />
    </Module>
    <Module skippedDueTo="Filter" hash="9E-84-31-63-EE-95-33-23-D4-D6-52-78-4E-1C-B8-E7-C1-F6-9C-64">
      <ModulePath>C:\Program Files (x86)\Microsoft Visual Studio\2017\Enterprise\Common7\IDE\PublicAssemblies\Microsoft.VisualStudio.QualityTools.Common.dll</ModulePath>
      <ModuleTime>2017-04-03T15:18:51.4911742Z</ModuleTime>
      <ModuleName>Microsoft.VisualStudio.QualityTools.Common</ModuleName>
      <Classes />
    </Module>
    <Module skippedDueTo="Filter" hash="EE-77-8B-34-FE-47-61-EA-AD-62-7D-B3-79-79-9C-B7-64-F3-12-03">
      <ModulePath>C:\Windows\Microsoft.Net\assembly\GAC_MSIL\System\v4.0_4.0.0.0__b77a5c561934e089\System.dll</ModulePath>
      <ModuleTime>2016-07-12T22:53:05.0624675Z</ModuleTime>
      <ModuleName>System</ModuleName>
      <Classes />
    </Module>
    <Module skippedDueTo="Filter" hash="5F-92-D9-C9-D8-C1-9C-15-CA-33-3E-D5-8E-B2-18-F0-12-B5-3E-AD">
      <ModulePath>C:\Program Files (x86)\Microsoft Visual Studio\2017\Enterprise\Common7\IDE\PublicAssemblies\Microsoft.VisualStudio.QualityTools.ExecutionCommon.dll</ModulePath>
      <ModuleTime>2017-04-03T15:18:51.4911742Z</ModuleTime>
      <ModuleName>Microsoft.VisualStudio.QualityTools.ExecutionCommon</ModuleName>
      <Classes />
    </Module>
    <Module skippedDueTo="Filter" hash="83-4F-4E-80-FC-BB-66-FA-71-42-AD-36-BC-54-6D-81-11-8D-D0-FC">
      <ModulePath>C:\Program Files (x86)\Microsoft Visual Studio\2017\Enterprise\Common7\IDE\PrivateAssemblies\Microsoft.VisualStudio.QualityTools.Resource.dll</ModulePath>
      <ModuleTime>2017-04-03T15:18:51.4911742Z</ModuleTime>
      <ModuleName>Microsoft.VisualStudio.QualityTools.Resource</ModuleName>
      <Classes />
    </Module>
    <Module skippedDueTo="Filter" hash="9C-DB-95-DC-25-D5-38-7E-C2-3A-20-8F-14-5D-A9-56-2A-D7-00-E3">
      <ModulePath>C:\Windows\Microsoft.Net\assembly\GAC_MSIL\System.Configuration\v4.0_4.0.0.0__b03f5f7f11d50a3a\System.Configuration.dll</ModulePath>
      <ModuleTime>2016-07-12T22:53:05.3544668Z</ModuleTime>
      <ModuleName>System.Configuration</ModuleName>
      <Classes />
    </Module>
    <Module skippedDueTo="Filter" hash="F7-E9-75-D6-35-98-70-4A-0F-45-76-1B-B3-83-70-38-5E-DF-02-47">
      <ModulePath>C:\Windows\Microsoft.Net\assembly\GAC_MSIL\System.Xml\v4.0_4.0.0.0__b77a5c561934e089\System.Xml.dll</ModulePath>
      <ModuleTime>2016-07-12T22:53:05.0684662Z</ModuleTime>
      <ModuleName>System.Xml</ModuleName>
      <Classes />
    </Module>
    <Module skippedDueTo="Filter" hash="71-ED-1E-A1-2D-59-7E-46-17-19-15-A4-2D-3B-C3-14-E3-EA-08-63">
      <ModulePath>C:\Program Files (x86)\Microsoft Visual Studio\2017\Enterprise\Common7\IDE\PrivateAssemblies\Microsoft.VisualStudio.QualityTools.CommandLine.dll</ModulePath>
      <ModuleTime>2017-04-03T15:18:51.4911742Z</ModuleTime>
      <ModuleName>Microsoft.VisualStudio.QualityTools.CommandLine</ModuleName>
      <Classes />
    </Module>
    <Module skippedDueTo="Filter" hash="55-D9-49-AC-38-0A-56-D1-A6-F2-D6-CF-B6-E7-BD-C0-EB-58-62-82">
      <ModulePath>C:\Program Files (x86)\Microsoft Visual Studio\2017\Enterprise\Common7\IDE\PrivateAssemblies\Microsoft.VisualStudio.QualityTools.TMI.dll</ModulePath>
      <ModuleTime>2017-04-03T15:18:51.4911742Z</ModuleTime>
      <ModuleName>Microsoft.VisualStudio.QualityTools.TMI</ModuleName>
      <Classes />
    </Module>
    <Module skippedDueTo="Filter" hash="31-76-6A-81-5B-45-2B-B2-02-8C-E4-69-D2-C3-8F-87-B1-54-25-E8">
      <ModulePath>C:\Windows\Microsoft.Net\assembly\GAC_MSIL\System.Core\v4.0_4.0.0.0__b77a5c561934e089\System.Core.dll</ModulePath>
      <ModuleTime>2016-07-12T22:53:05.3504661Z</ModuleTime>
      <ModuleName>System.Core</ModuleName>
      <Classes />
    </Module>
    <Module skippedDueTo="Filter" hash="6C-72-90-32-BD-6C-13-33-1B-BF-95-BB-29-8E-A9-4C-2E-7E-D3-86">
      <ModulePath>C:\Windows\Microsoft.Net\assembly\GAC_32\System.Data\v4.0_4.0.0.0__b77a5c561934e089\System.Data.dll</ModulePath>
      <ModuleTime>2016-07-12T22:53:01.2174666Z</ModuleTime>
      <ModuleName>System.Data</ModuleName>
      <Classes />
    </Module>
    <Module skippedDueTo="Filter" hash="53-BE-40-65-72-CF-40-9A-6B-43-AD-5D-1B-BB-67-61-8D-23-0F-4F">
      <ModulePath>C:\Windows\Microsoft.Net\assembly\GAC_MSIL\System.Numerics\v4.0_4.0.0.0__b77a5c561934e089\System.Numerics.dll</ModulePath>
      <ModuleTime>2016-07-12T22:53:05.2374667Z</ModuleTime>
      <ModuleName>System.Numerics</ModuleName>
      <Classes />
    </Module>
    <Module skippedDueTo="Filter" hash="65-D4-70-76-E1-CB-58-CB-08-19-3F-8F-B4-C8-14-92-BE-AC-31-C3">
      <ModulePath>C:\Windows\Microsoft.Net\assembly\GAC_32\System.Web\v4.0_4.0.0.0__b03f5f7f11d50a3a\System.Web.dll</ModulePath>
      <ModuleTime>2016-07-12T22:53:01.1630212Z</ModuleTime>
      <ModuleName>System.Web</ModuleName>
      <Classes />
    </Module>
    <Module skippedDueTo="Filter" hash="AE-D8-4F-B3-07-4D-01-63-C0-AB-1B-FE-B2-39-BB-50-0B-5D-68-31">
      <ModulePath>C:\Program Files (x86)\Microsoft Visual Studio\2017\Enterprise\Common7\IDE\PrivateAssemblies\Microsoft.VisualStudio.QualityTools.Tips.UnitTest.Tip.dll</ModulePath>
      <ModuleTime>2017-04-03T15:18:51.4911742Z</ModuleTime>
      <ModuleName>Microsoft.VisualStudio.QualityTools.Tips.UnitTest.Tip</ModuleName>
      <Classes />
    </Module>
    <Module skippedDueTo="Filter" hash="6B-A5-37-FD-F8-7A-C2-EA-2C-7C-84-CE-74-3E-CD-59-89-D9-EC-31">
      <ModulePath>C:\Program Files (x86)\Microsoft Visual Studio\2017\Enterprise\Common7\IDE\PrivateAssemblies\Microsoft.VisualStudio.QualityTools.Tips.UnitTest.ObjectModel.dll</ModulePath>
      <ModuleTime>2017-04-03T15:18:51.4911742Z</ModuleTime>
      <ModuleName>Microsoft.VisualStudio.QualityTools.Tips.UnitTest.ObjectModel</ModuleName>
      <Classes />
    </Module>
    <Module skippedDueTo="Filter" hash="9C-BD-10-0D-B6-DF-EE-2B-EB-27-DA-26-68-CD-C4-4A-48-7F-7B-09">
      <ModulePath>C:\Windows\assembly\GAC_MSIL\Microsoft.VisualStudio.QualityTools.UnitTestFramework\10.0.0.0__b03f5f7f11d50a3a\Microsoft.VisualStudio.QualityTools.UnitTestFramework.dll</ModulePath>
      <ModuleTime>2016-07-12T22:18:44.6885729Z</ModuleTime>
      <ModuleName>Microsoft.VisualStudio.QualityTools.UnitTestFramework</ModuleName>
      <Classes />
    </Module>
    <Module skippedDueTo="Filter" hash="58-83-E2-32-5F-74-FF-E0-62-EE-B4-F2-7D-76-D5-91-32-9D-50-93">
      <ModulePath>C:\Program Files (x86)\Microsoft Visual Studio\2017\Enterprise\Common7\IDE\PrivateAssemblies\Microsoft.VisualStudio.QualityTools.Tips.WebLoadTest.Tip.dll</ModulePath>
      <ModuleTime>2017-04-03T15:18:51.4911742Z</ModuleTime>
      <ModuleName>Microsoft.VisualStudio.QualityTools.Tips.WebLoadTest.Tip</ModuleName>
      <Classes />
    </Module>
    <Module skippedDueTo="Filter" hash="4C-2E-52-E7-6C-A6-47-B2-2C-C2-04-A0-3D-1E-9C-53-58-96-2C-31">
      <ModulePath>C:\Program Files (x86)\Microsoft Visual Studio\2017\Enterprise\Common7\IDE\PrivateAssemblies\Microsoft.VisualStudio.QualityTools.Tips.UnitTest.AssemblyResolver.dll</ModulePath>
      <ModuleTime>2017-04-03T15:18:51.4911742Z</ModuleTime>
      <ModuleName>Microsoft.VisualStudio.QualityTools.Tips.UnitTest.AssemblyResolver</ModuleName>
      <Classes />
    </Module>
    <Module skippedDueTo="Filter" hash="4C-2E-52-E7-6C-A6-47-B2-2C-C2-04-A0-3D-1E-9C-53-58-96-2C-31">
      <ModulePath>C:\Program Files (x86)\Microsoft Visual Studio\2017\Enterprise\Common7\IDE\PrivateAssemblies\Microsoft.VisualStudio.QualityTools.Tips.UnitTest.AssemblyResolver.dll</ModulePath>
      <ModuleTime>2017-04-03T15:18:51.4911742Z</ModuleTime>
      <ModuleName>Microsoft.VisualStudio.QualityTools.Tips.UnitTest.AssemblyResolver</ModuleName>
      <Classes />
    </Module>
    <Module skippedDueTo="Filter" hash="AE-D8-4F-B3-07-4D-01-63-C0-AB-1B-FE-B2-39-BB-50-0B-5D-68-31">
      <ModulePath>C:\Program Files (x86)\Microsoft Visual Studio\2017\Enterprise\Common7\IDE\PrivateAssemblies\Microsoft.VisualStudio.QualityTools.Tips.UnitTest.Tip.dll</ModulePath>
      <ModuleTime>2017-04-03T15:18:51.4911742Z</ModuleTime>
      <ModuleName>Microsoft.VisualStudio.QualityTools.Tips.UnitTest.Tip</ModuleName>
      <Classes />
    </Module>
    <Module skippedDueTo="Filter" hash="9E-84-31-63-EE-95-33-23-D4-D6-52-78-4E-1C-B8-E7-C1-F6-9C-64">
      <ModulePath>C:\Program Files (x86)\Microsoft Visual Studio\2017\Enterprise\Common7\IDE\PublicAssemblies\Microsoft.VisualStudio.QualityTools.Common.dll</ModulePath>
      <ModuleTime>2017-04-03T15:18:51.4911742Z</ModuleTime>
      <ModuleName>Microsoft.VisualStudio.QualityTools.Common</ModuleName>
      <Classes />
    </Module>
    <Module skippedDueTo="Filter" hash="6B-A5-37-FD-F8-7A-C2-EA-2C-7C-84-CE-74-3E-CD-59-89-D9-EC-31">
      <ModulePath>C:\Program Files (x86)\Microsoft Visual Studio\2017\Enterprise\Common7\IDE\PrivateAssemblies\Microsoft.VisualStudio.QualityTools.Tips.UnitTest.ObjectModel.dll</ModulePath>
      <ModuleTime>2017-04-03T15:18:51.4911742Z</ModuleTime>
      <ModuleName>Microsoft.VisualStudio.QualityTools.Tips.UnitTest.ObjectModel</ModuleName>
      <Classes />
    </Module>
    <Module skippedDueTo="Filter" hash="83-4F-4E-80-FC-BB-66-FA-71-42-AD-36-BC-54-6D-81-11-8D-D0-FC">
      <ModulePath>C:\Program Files (x86)\Microsoft Visual Studio\2017\Enterprise\Common7\IDE\PrivateAssemblies\Microsoft.VisualStudio.QualityTools.Resource.dll</ModulePath>
      <ModuleTime>2017-04-03T15:18:51.4911742Z</ModuleTime>
      <ModuleName>Microsoft.VisualStudio.QualityTools.Resource</ModuleName>
      <Classes />
    </Module>
    <Module skippedDueTo="Filter" hash="34-7C-A7-F3-FB-DC-23-41-73-86-1F-B2-0B-02-06-15-56-5E-D6-7F">
      <ModulePath>E:\jannesrsa\Source\Repos\SourceCode.SmartObjects.Services.Tests\src\Tests\UTest\bin\Release\SourceCode.SmartObjects.Services.Tests.UTest.dll</ModulePath>
      <ModuleTime>2017-07-17T13:18:36.0550131Z</ModuleTime>
      <ModuleName>SourceCode.SmartObjects.Services.Tests.UTest</ModuleName>
      <Classes />
    </Module>
    <Module skippedDueTo="Filter" hash="62-84-28-D8-E5-5E-88-75-6D-60-ED-A1-C9-00-83-FF-E1-5B-B2-51">
      <ModulePath>E:\jannesrsa\Source\Repos\SourceCode.SmartObjects.Services.Tests\src\Tests\UTest\bin\Release\Microsoft.VisualStudio.TestPlatform.TestFramework.dll</ModulePath>
      <ModuleTime>2017-06-01T02:40:04Z</ModuleTime>
      <ModuleName>Microsoft.VisualStudio.TestPlatform.TestFramework</ModuleName>
      <Classes />
    </Module>
    <Module skippedDueTo="Filter" hash="0F-9F-A3-39-21-7F-A6-A8-62-42-36-5D-39-6A-E3-44-A3-53-08-C2">
      <ModulePath>C:\Windows\Microsoft.Net\assembly\GAC_MSIL\System.Runtime\v4.0_4.0.0.0__b03f5f7f11d50a3a\System.Runtime.dll</ModulePath>
      <ModuleTime>2016-07-12T22:53:05.2234658Z</ModuleTime>
      <ModuleName>System.Runtime</ModuleName>
      <Classes />
    </Module>
    <Module skippedDueTo="Filter" hash="1E-37-B6-67-A5-AC-9E-B0-07-6E-09-15-C7-08-42-67-E0-17-15-A6">
      <ModulePath>C:\Program Files (x86)\Microsoft Visual Studio\2017\Enterprise\Common7\IDE\PrivateAssemblies\Microsoft.VisualStudio.QualityTools.LoadTest.dll</ModulePath>
      <ModuleTime>2017-04-03T15:18:51.4911742Z</ModuleTime>
      <ModuleName>Microsoft.VisualStudio.QualityTools.LoadTest</ModuleName>
      <Classes />
    </Module>
    <Module skippedDueTo="Filter" hash="AA-A4-75-26-16-24-38-13-72-5E-8B-10-62-10-CE-C1-0F-3C-A8-6C">
      <ModulePath>C:\Windows\assembly\GAC_MSIL\Microsoft.VisualStudio.QualityTools.WebTestFramework\10.0.0.0__b03f5f7f11d50a3a\Microsoft.VisualStudio.QualityTools.WebTestFramework.dll</ModulePath>
      <ModuleTime>2016-07-12T22:47:12.1164691Z</ModuleTime>
      <ModuleName>Microsoft.VisualStudio.QualityTools.WebTestFramework</ModuleName>
      <Classes />
    </Module>
    <Module skippedDueTo="Filter" hash="1E-37-B6-67-A5-AC-9E-B0-07-6E-09-15-C7-08-42-67-E0-17-15-A6">
      <ModulePath>C:\Program Files (x86)\Microsoft Visual Studio\2017\Enterprise\Common7\IDE\PrivateAssemblies\Microsoft.VisualStudio.QualityTools.LoadTest.dll</ModulePath>
      <ModuleTime>2017-04-03T15:18:51.4911742Z</ModuleTime>
      <ModuleName>Microsoft.VisualStudio.QualityTools.LoadTest</ModuleName>
      <Classes />
    </Module>
    <Module skippedDueTo="Filter" hash="34-7C-A7-F3-FB-DC-23-41-73-86-1F-B2-0B-02-06-15-56-5E-D6-7F">
      <ModulePath>E:\jannesrsa\Source\Repos\SourceCode.SmartObjects.Services.Tests\src\Tests\UTest\bin\Release\SourceCode.SmartObjects.Services.Tests.UTest.dll</ModulePath>
      <ModuleTime>2017-07-17T13:18:36.0550131Z</ModuleTime>
      <ModuleName>SourceCode.SmartObjects.Services.Tests.UTest</ModuleName>
      <Classes />
    </Module>
    <Module skippedDueTo="Filter" hash="4C-88-D2-3D-0F-C1-D2-EC-12-FA-12-CD-5B-1D-F0-EF-75-D1-49-1D">
      <ModulePath>C:\Program Files (x86)\Microsoft Visual Studio\2017\Enterprise\Common7\IDE\PrivateAssemblies\Microsoft.VisualStudio.QualityTools.ControllerObject.dll</ModulePath>
      <ModuleTime>2017-04-03T15:18:51.4911742Z</ModuleTime>
      <ModuleName>Microsoft.VisualStudio.QualityTools.ControllerObject</ModuleName>
      <Classes />
    </Module>
    <Module skippedDueTo="Filter" hash="4C-2E-52-E7-6C-A6-47-B2-2C-C2-04-A0-3D-1E-9C-53-58-96-2C-31">
      <ModulePath>C:\Program Files (x86)\Microsoft Visual Studio\2017\Enterprise\Common7\IDE\PrivateAssemblies\Microsoft.VisualStudio.QualityTools.Tips.UnitTest.AssemblyResolver.dll</ModulePath>
      <ModuleTime>2017-04-03T15:18:51.4911742Z</ModuleTime>
      <ModuleName>Microsoft.VisualStudio.QualityTools.Tips.UnitTest.AssemblyResolver</ModuleName>
      <Classes />
    </Module>
    <Module skippedDueTo="Filter" hash="9E-84-31-63-EE-95-33-23-D4-D6-52-78-4E-1C-B8-E7-C1-F6-9C-64">
      <ModulePath>C:\Program Files (x86)\Microsoft Visual Studio\2017\Enterprise\Common7\IDE\PublicAssemblies\Microsoft.VisualStudio.QualityTools.Common.dll</ModulePath>
      <ModuleTime>2017-04-03T15:18:51.4911742Z</ModuleTime>
      <ModuleName>Microsoft.VisualStudio.QualityTools.Common</ModuleName>
      <Classes />
    </Module>
    <Module skippedDueTo="Filter" hash="34-7C-A7-F3-FB-DC-23-41-73-86-1F-B2-0B-02-06-15-56-5E-D6-7F">
      <ModulePath>E:\jannesrsa\Source\Repos\SourceCode.SmartObjects.Services.Tests\src\tests\utest\bin\release\sourcecode.smartobjects.services.tests.utest.dll</ModulePath>
      <ModuleTime>2017-07-17T13:18:36.0550131Z</ModuleTime>
      <ModuleName>SourceCode.SmartObjects.Services.Tests.UTest</ModuleName>
      <Classes />
    </Module>
    <Module skippedDueTo="Filter" hash="E3-6B-FF-E9-15-14-17-3B-56-14-4F-EA-85-5F-E9-BE-73-EC-9E-57">
      <ModulePath>C:\Program Files (x86)\Microsoft Visual Studio\2017\Enterprise\Common7\IDE\PrivateAssemblies\Microsoft.VisualStudio.QualityTools.AgentProcessManager.dll</ModulePath>
      <ModuleTime>2017-04-03T15:18:51.4911742Z</ModuleTime>
      <ModuleName>Microsoft.VisualStudio.QualityTools.AgentProcessManager</ModuleName>
      <Classes />
    </Module>
    <Module skippedDueTo="Filter" hash="0F-6F-F3-F5-1C-3A-A7-26-E2-D9-16-C9-A4-9C-AD-C3-B6-CA-24-A2">
      <ModulePath>C:\Windows\Microsoft.Net\assembly\GAC_MSIL\System.Runtime.Remoting\v4.0_4.0.0.0__b77a5c561934e089\System.Runtime.Remoting.dll</ModulePath>
      <ModuleTime>2016-07-12T22:53:05.2314666Z</ModuleTime>
      <ModuleName>System.Runtime.Remoting</ModuleName>
      <Classes />
    </Module>
    <Module skippedDueTo="Filter" hash="4C-2E-52-E7-6C-A6-47-B2-2C-C2-04-A0-3D-1E-9C-53-58-96-2C-31">
      <ModulePath>C:\Program Files (x86)\Microsoft Visual Studio\2017\Enterprise\Common7\IDE\PrivateAssemblies\Microsoft.VisualStudio.QualityTools.Tips.UnitTest.AssemblyResolver.dll</ModulePath>
      <ModuleTime>2017-04-03T15:18:51.4911742Z</ModuleTime>
      <ModuleName>Microsoft.VisualStudio.QualityTools.Tips.UnitTest.AssemblyResolver</ModuleName>
      <Classes />
    </Module>
    <Module skippedDueTo="Filter" hash="9E-84-31-63-EE-95-33-23-D4-D6-52-78-4E-1C-B8-E7-C1-F6-9C-64">
      <ModulePath>C:\Program Files (x86)\Microsoft Visual Studio\2017\Enterprise\Common7\IDE\PublicAssemblies\Microsoft.VisualStudio.QualityTools.Common.dll</ModulePath>
      <ModuleTime>2017-04-03T15:18:51.4911742Z</ModuleTime>
      <ModuleName>Microsoft.VisualStudio.QualityTools.Common</ModuleName>
      <Classes />
    </Module>
    <Module skippedDueTo="Filter" hash="34-7C-A7-F3-FB-DC-23-41-73-86-1F-B2-0B-02-06-15-56-5E-D6-7F">
      <ModulePath>E:\jannesrsa\Source\Repos\SourceCode.SmartObjects.Services.Tests\src\tests\utest\bin\release\sourcecode.smartobjects.services.tests.utest.dll</ModulePath>
      <ModuleTime>2017-07-17T13:18:36.0550131Z</ModuleTime>
      <ModuleName>SourceCode.SmartObjects.Services.Tests.UTest</ModuleName>
      <Classes />
    </Module>
    <Module skippedDueTo="Filter" hash="62-84-28-D8-E5-5E-88-75-6D-60-ED-A1-C9-00-83-FF-E1-5B-B2-51">
      <ModulePath>E:\jannesrsa\Source\Repos\SourceCode.SmartObjects.Services.Tests\src\tests\utest\bin\release\Microsoft.VisualStudio.TestPlatform.TestFramework.dll</ModulePath>
      <ModuleTime>2017-06-01T02:40:04Z</ModuleTime>
      <ModuleName>Microsoft.VisualStudio.TestPlatform.TestFramework</ModuleName>
      <Classes />
    </Module>
    <Module skippedDueTo="Filter" hash="0F-9F-A3-39-21-7F-A6-A8-62-42-36-5D-39-6A-E3-44-A3-53-08-C2">
      <ModulePath>C:\Windows\Microsoft.Net\assembly\GAC_MSIL\System.Runtime\v4.0_4.0.0.0__b03f5f7f11d50a3a\System.Runtime.dll</ModulePath>
      <ModuleTime>2016-07-12T22:53:05.2234658Z</ModuleTime>
      <ModuleName>System.Runtime</ModuleName>
      <Classes />
    </Module>
    <Module skippedDueTo="Filter" hash="3D-C2-90-A3-AF-8D-6E-62-C2-9A-07-A8-F3-59-B6-1D-52-CA-A5-EF">
      <ModulePath>C:\Windows\Microsoft.Net\assembly\GAC_MSIL\System.Resources.ResourceManager\v4.0_4.0.0.0__b03f5f7f11d50a3a\System.Resources.ResourceManager.dll</ModulePath>
      <ModuleTime>2013-08-10T00:55:16.7082446Z</ModuleTime>
      <ModuleName>System.Resources.ResourceManager</ModuleName>
      <Classes />
    </Module>
    <Module skippedDueTo="Filter" hash="EC-FF-9D-4B-0C-AE-7A-3C-63-A6-9E-91-68-0A-BA-A4-D2-4E-03-EE">
      <ModulePath>C:\Windows\Microsoft.Net\assembly\GAC_MSIL\System.Reflection\v4.0_4.0.0.0__b03f5f7f11d50a3a\System.Reflection.dll</ModulePath>
      <ModuleTime>2013-08-10T00:55:16.7082446Z</ModuleTime>
      <ModuleName>System.Reflection</ModuleName>
      <Classes />
    </Module>
    <Module skippedDueTo="Filter" hash="0F-32-0B-38-46-06-C7-DE-9E-91-FE-70-1F-D2-1D-D5-7C-29-17-C0">
      <ModulePath>C:\Windows\Microsoft.Net\assembly\GAC_MSIL\System.Runtime.Extensions\v4.0_4.0.0.0__b03f5f7f11d50a3a\System.Runtime.Extensions.dll</ModulePath>
      <ModuleTime>2016-07-12T22:53:05.2334667Z</ModuleTime>
      <ModuleName>System.Runtime.Extensions</ModuleName>
      <Classes />
    </Module>
    <Module skippedDueTo="Filter" hash="E5-47-DF-DB-F9-44-F7-01-45-88-53-04-81-38-D1-35-A9-F1-C7-BC">
      <ModulePath>C:\Windows\Microsoft.Net\assembly\GAC_MSIL\System.Collections\v4.0_4.0.0.0__b03f5f7f11d50a3a\System.Collections.dll</ModulePath>
      <ModuleTime>2016-07-12T22:53:05.3864662Z</ModuleTime>
      <ModuleName>System.Collections</ModuleName>
      <Classes />
    </Module>
    <Module skippedDueTo="Filter" hash="80-CF-BB-3C-EE-58-4C-C3-8D-83-C0-3A-D4-76-DC-8C-4B-DD-48-83">
      <ModulePath>C:\Windows\Microsoft.Net\assembly\GAC_MSIL\System.Globalization\v4.0_4.0.0.0__b03f5f7f11d50a3a\System.Globalization.dll</ModulePath>
      <ModuleTime>2013-08-10T00:55:16.4425936Z</ModuleTime>
      <ModuleName>System.Globalization</ModuleName>
      <Classes />
    </Module>
    <Module skippedDueTo="Filter" hash="27-0A-97-DD-A0-B2-35-29-E2-FC-54-09-5F-DD-E0-F6-7A-D7-02-7D">
      <ModulePath>C:\Windows\Microsoft.Net\assembly\GAC_MSIL\System.Threading.Tasks\v4.0_4.0.0.0__b03f5f7f11d50a3a\System.Threading.Tasks.dll</ModulePath>
      <ModuleTime>2013-08-10T00:55:31.3034258Z</ModuleTime>
      <ModuleName>System.Threading.Tasks</ModuleName>
      <Classes />
    </Module>
    <Module skippedDueTo="Filter" hash="9D-3C-12-64-78-C3-7D-0F-0A-E3-31-6D-94-B6-C3-A3-86-A1-9F-5A">
      <ModulePath>C:\Windows\Microsoft.Net\assembly\GAC_MSIL\System.Diagnostics.Debug\v4.0_4.0.0.0__b03f5f7f11d50a3a\System.Diagnostics.Debug.dll</ModulePath>
      <ModuleTime>2013-08-10T00:55:01.2848572Z</ModuleTime>
      <ModuleName>System.Diagnostics.Debug</ModuleName>
      <Classes />
    </Module>
    <Module skippedDueTo="Filter" hash="81-3F-8A-4E-FB-B9-2C-1D-32-53-32-FE-0D-2B-5B-4E-FE-7C-04-1F">
      <ModulePath>C:\Windows\Microsoft.Net\assembly\GAC_MSIL\System.Text.RegularExpressions\v4.0_4.0.0.0__b03f5f7f11d50a3a\System.Text.RegularExpressions.dll</ModulePath>
      <ModuleTime>2013-08-10T00:55:31.2877993Z</ModuleTime>
      <ModuleName>System.Text.RegularExpressions</ModuleName>
      <Classes />
    </Module>
    <Module skippedDueTo="Filter" hash="96-2F-AC-E9-8B-AA-CC-F8-8F-C3-0D-0E-F2-2C-A2-FF-62-EF-2C-A3">
      <ModulePath>C:\Windows\Microsoft.Net\assembly\GAC_MSIL\System.Diagnostics.Tools\v4.0_4.0.0.0__b03f5f7f11d50a3a\System.Diagnostics.Tools.dll</ModulePath>
      <ModuleTime>2013-08-10T00:55:01.2848572Z</ModuleTime>
      <ModuleName>System.Diagnostics.Tools</ModuleName>
      <Classes />
    </Module>
    <Module skippedDueTo="Filter" hash="79-E7-3F-B7-6C-B7-93-B9-F9-D7-AF-D0-AA-58-C9-75-5C-8F-0A-92">
      <ModulePath>C:\Windows\Microsoft.Net\assembly\GAC_MSIL\System.Threading\v4.0_4.0.0.0__b03f5f7f11d50a3a\System.Threading.dll</ModulePath>
      <ModuleTime>2016-07-12T22:53:05.1654665Z</ModuleTime>
      <ModuleName>System.Threading</ModuleName>
      <Classes />
    </Module>
    <Module skippedDueTo="Filter" hash="C2-8A-A8-DF-AA-E5-95-02-48-0F-79-86-98-35-6F-5D-58-4C-45-98">
      <ModulePath>C:\Windows\Microsoft.Net\assembly\GAC_MSIL\System.Reflection.Extensions\v4.0_4.0.0.0__b03f5f7f11d50a3a\System.Reflection.Extensions.dll</ModulePath>
      <ModuleTime>2013-08-10T00:55:16.7082446Z</ModuleTime>
      <ModuleName>System.Reflection.Extensions</ModuleName>
      <Classes />
    </Module>
    <Module hash="F7-FE-6D-97-F1-D5-3C-49-A4-F9-7C-52-3A-C7-D4-37-C6-A5-33-8C">
      <Summary numSequencePoints="770" visitedSequencePoints="0" numBranchPoints="350" visitedBranchPoints="0" sequenceCoverage="0" branchCoverage="0" maxCyclomaticComplexity="15" minCyclomaticComplexity="1" visitedClasses="0" numClasses="32" visitedMethods="0" numMethods="120" />
      <ModulePath>E:\jannesrsa\Source\Repos\SourceCode.SmartObjects.Services.Tests\src\tests\utest\bin\release\SourceCode.SmartObjects.Services.Tests.dll</ModulePath>
      <ModuleTime>2017-07-17T13:18:31.8271904Z</ModuleTime>
      <ModuleName>SourceCode.SmartObjects.Services.Tests</ModuleName>
      <Files>
        <File uid="1" fullPath="E:\jannesrsa\Source\Repos\SourceCode.SmartObjects.Services.Tests\src\Properties\Resources.Designer.cs" />
        <File uid="2" fullPath="E:\jannesrsa\Source\Repos\SourceCode.SmartObjects.Services.Tests\src\Managers\ServiceInstanceManager.cs" />
        <File uid="3" fullPath="E:\jannesrsa\Source\Repos\SourceCode.SmartObjects.Services.Tests\src\Managers\ServiceTypeManager.cs" />
        <File uid="4" fullPath="E:\jannesrsa\Source\Repos\SourceCode.SmartObjects.Services.Tests\src\Managers\ServiceTypeSettings.cs" />
        <File uid="5" fullPath="E:\jannesrsa\Source\Repos\SourceCode.SmartObjects.Services.Tests\src\Managers\SmartObjectsManager.cs" />
        <File uid="6" fullPath="E:\jannesrsa\Source\Repos\SourceCode.SmartObjects.Services.Tests\src\Helpers\AssertHelper.cs" />
        <File uid="7" fullPath="E:\jannesrsa\Source\Repos\SourceCode.SmartObjects.Services.Tests\src\Helpers\UriCreator.cs" />
        <File uid="8" fullPath="E:\jannesrsa\Source\Repos\SourceCode.SmartObjects.Services.Tests\src\Helpers\ConnectionHelper.cs" />
        <File uid="9" fullPath="E:\jannesrsa\Source\Repos\SourceCode.SmartObjects.Services.Tests\src\Helpers\EnvironmentHelper.cs" />
        <File uid="10" fullPath="E:\jannesrsa\Source\Repos\SourceCode.SmartObjects.Services.Tests\src\Helpers\PackageDeploymentHelper.cs" />
        <File uid="12" fullPath="E:\jannesrsa\Source\Repos\SourceCode.SmartObjects.Services.Tests\src\Helpers\SecurityHelper.cs" />
        <File uid="14" fullPath="E:\jannesrsa\Source\Repos\SourceCode.SmartObjects.Services.Tests\src\Helpers\SmartFormHelper.cs" />
        <File uid="15" fullPath="E:\jannesrsa\Source\Repos\SourceCode.SmartObjects.Services.Tests\src\Helpers\SmartObjectHelper.cs" />
        <File uid="18" fullPath="E:\jannesrsa\Source\Repos\SourceCode.SmartObjects.Services.Tests\src\Helpers\UrlHelper.cs" />
        <File uid="19" fullPath="E:\jannesrsa\Source\Repos\SourceCode.SmartObjects.Services.Tests\src\Helpers\ValueHelper.cs" />
        <File uid="20" fullPath="E:\jannesrsa\Source\Repos\SourceCode.SmartObjects.Services.Tests\src\Extensions\ActionExtensions.cs" />
        <File uid="21" fullPath="E:\jannesrsa\Source\Repos\SourceCode.SmartObjects.Services.Tests\src\Extensions\DataRowExtensions.cs" />
        <File uid="22" fullPath="E:\jannesrsa\Source\Repos\SourceCode.SmartObjects.Services.Tests\src\Extensions\DataTableExtensions.cs" />
        <File uid="23" fullPath="E:\jannesrsa\Source\Repos\SourceCode.SmartObjects.Services.Tests\src\Extensions\ExceptionExtensions.cs" />
        <File uid="24" fullPath="E:\jannesrsa\Source\Repos\SourceCode.SmartObjects.Services.Tests\src\Extensions\ServiceManagementServerExtensions.cs" />
        <File uid="25" fullPath="E:\jannesrsa\Source\Repos\SourceCode.SmartObjects.Services.Tests\src\Extensions\SmartObjectClientServerExtensions.cs" />
        <File uid="26" fullPath="E:\jannesrsa\Source\Repos\SourceCode.SmartObjects.Services.Tests\src\Extensions\SmartObjectExtensions.cs" />
        <File uid="31" fullPath="E:\jannesrsa\Source\Repos\SourceCode.SmartObjects.Services.Tests\src\Extensions\SmartObjectManagementServerExtensions.cs" />
        <File uid="32" fullPath="E:\jannesrsa\Source\Repos\SourceCode.SmartObjects.Services.Tests\src\Extensions\ValidationExtensions.cs" />
      </Files>
      <Classes>
        <Class>
          <Summary numSequencePoints="0" visitedSequencePoints="0" numBranchPoints="0" visitedBranchPoints="0" sequenceCoverage="0" branchCoverage="0" maxCyclomaticComplexity="0" minCyclomaticComplexity="0" visitedClasses="0" numClasses="0" visitedMethods="0" numMethods="0" />
          <FullName>&lt;Module&gt;</FullName>
          <Methods />
        </Class>
        <Class>
          <Summary numSequencePoints="10" visitedSequencePoints="0" numBranchPoints="7" visitedBranchPoints="0" sequenceCoverage="0" branchCoverage="0" maxCyclomaticComplexity="2" minCyclomaticComplexity="1" visitedClasses="0" numClasses="1" visitedMethods="0" numMethods="5" />
          <FullName>SourceCode.SmartObjects.Services.Tests.Properties.Resources</FullName>
          <Methods>
            <Method visited="false" cyclomaticComplexity="2" nPathComplexity="2" sequenceCoverage="0" branchCoverage="0" isConstructor="false" isStatic="true" isGetter="true" isSetter="false">
              <Summary numSequencePoints="4" visitedSequencePoints="0" numBranchPoints="3" visitedBranchPoints="0" sequenceCoverage="0" branchCoverage="0" maxCyclomaticComplexity="2" minCyclomaticComplexity="2" visitedClasses="0" numClasses="0" visitedMethods="0" numMethods="1" />
              <MetadataToken>100663298</MetadataToken>
              <Name>System.Resources.ResourceManager SourceCode.SmartObjects.Services.Tests.Properties.Resources::get_ResourceManager()</Name>
              <FileRef uid="1" />
              <SequencePoints>
                <SequencePoint vc="0" uspid="1" ordinal="0" offset="0" sl="41" sc="17" el="41" ec="63" bec="2" bev="0" fileid="1" />
                <SequencePoint vc="0" uspid="2" ordinal="1" offset="7" sl="42" sc="21" el="42" ec="205" bec="0" bev="0" fileid="1" />
                <SequencePoint vc="0" uspid="3" ordinal="2" offset="32" sl="43" sc="21" el="43" ec="40" bec="0" bev="0" fileid="1" />
                <SequencePoint vc="0" uspid="4" ordinal="3" offset="37" sl="45" sc="17" el="45" ec="36" bec="0" bev="0" fileid="1" />
              </SequencePoints>
              <BranchPoints>
                <BranchPoint vc="0" uspid="5" ordinal="0" offset="5" sl="41" path="0" offsetend="7" fileid="1" />
                <BranchPoint vc="0" uspid="6" ordinal="1" offset="5" sl="41" path="1" offsetend="37" fileid="1" />
              </BranchPoints>
              <MethodPoint xsi:type="SequencePoint" vc="0" uspid="1" ordinal="0" offset="0" sl="41" sc="17" el="41" ec="63" bec="2" bev="0" fileid="1" />
            </Method>
            <Method visited="false" cyclomaticComplexity="1" nPathComplexity="0" sequenceCoverage="0" branchCoverage="0" isConstructor="false" isStatic="true" isGetter="true" isSetter="false">
              <Summary numSequencePoints="1" visitedSequencePoints="0" numBranchPoints="1" visitedBranchPoints="0" sequenceCoverage="0" branchCoverage="0" maxCyclomaticComplexity="1" minCyclomaticComplexity="1" visitedClasses="0" numClasses="0" visitedMethods="0" numMethods="1" />
              <MetadataToken>100663299</MetadataToken>
              <Name>System.Globalization.CultureInfo SourceCode.SmartObjects.Services.Tests.Properties.Resources::get_Culture()</Name>
              <FileRef uid="1" />
              <SequencePoints>
                <SequencePoint vc="0" uspid="7" ordinal="0" offset="0" sl="56" sc="17" el="56" ec="40" bec="0" bev="0" fileid="1" />
              </SequencePoints>
              <BranchPoints />
              <MethodPoint xsi:type="SequencePoint" vc="0" uspid="7" ordinal="0" offset="0" sl="56" sc="17" el="56" ec="40" bec="0" bev="0" fileid="1" />
            </Method>
            <Method visited="false" cyclomaticComplexity="1" nPathComplexity="0" sequenceCoverage="0" branchCoverage="0" isConstructor="false" isStatic="true" isGetter="false" isSetter="true">
              <Summary numSequencePoints="2" visitedSequencePoints="0" numBranchPoints="1" visitedBranchPoints="0" sequenceCoverage="0" branchCoverage="0" maxCyclomaticComplexity="1" minCyclomaticComplexity="1" visitedClasses="0" numClasses="0" visitedMethods="0" numMethods="1" />
              <MetadataToken>100663300</MetadataToken>
              <Name>System.Void SourceCode.SmartObjects.Services.Tests.Properties.Resources::set_Culture(System.Globalization.CultureInfo)</Name>
              <FileRef uid="1" />
              <SequencePoints>
                <SequencePoint vc="0" uspid="8" ordinal="0" offset="0" sl="59" sc="17" el="59" ec="41" bec="0" bev="0" fileid="1" />
                <SequencePoint vc="0" uspid="9" ordinal="1" offset="6" sl="60" sc="13" el="60" ec="14" bec="0" bev="0" fileid="1" />
              </SequencePoints>
              <BranchPoints />
              <MethodPoint xsi:type="SequencePoint" vc="0" uspid="8" ordinal="0" offset="0" sl="59" sc="17" el="59" ec="41" bec="0" bev="0" fileid="1" />
            </Method>
            <Method visited="false" cyclomaticComplexity="1" nPathComplexity="0" sequenceCoverage="0" branchCoverage="0" isConstructor="false" isStatic="true" isGetter="true" isSetter="false">
              <Summary numSequencePoints="1" visitedSequencePoints="0" numBranchPoints="1" visitedBranchPoints="0" sequenceCoverage="0" branchCoverage="0" maxCyclomaticComplexity="1" minCyclomaticComplexity="1" visitedClasses="0" numClasses="0" visitedMethods="0" numMethods="1" />
              <MetadataToken>100663301</MetadataToken>
              <Name>System.String SourceCode.SmartObjects.Services.Tests.Properties.Resources::get_ErrorRequiredEmpty()</Name>
              <FileRef uid="1" />
              <SequencePoints>
                <SequencePoint vc="0" uspid="10" ordinal="0" offset="0" sl="68" sc="17" el="68" ec="89" bec="0" bev="0" fileid="1" />
              </SequencePoints>
              <BranchPoints />
              <MethodPoint xsi:type="SequencePoint" vc="0" uspid="10" ordinal="0" offset="0" sl="68" sc="17" el="68" ec="89" bec="0" bev="0" fileid="1" />
            </Method>
            <Method visited="false" cyclomaticComplexity="1" nPathComplexity="0" sequenceCoverage="0" branchCoverage="0" isConstructor="true" isStatic="false" isGetter="false" isSetter="false">
              <Summary numSequencePoints="2" visitedSequencePoints="0" numBranchPoints="1" visitedBranchPoints="0" sequenceCoverage="0" branchCoverage="0" maxCyclomaticComplexity="1" minCyclomaticComplexity="1" visitedClasses="0" numClasses="0" visitedMethods="0" numMethods="1" />
              <MetadataToken>100663297</MetadataToken>
              <Name>System.Void SourceCode.SmartObjects.Services.Tests.Properties.Resources::.ctor()</Name>
              <FileRef uid="1" />
              <SequencePoints>
                <SequencePoint vc="0" uspid="11" ordinal="0" offset="0" sl="32" sc="9" el="32" ec="29" bec="0" bev="0" fileid="1" />
                <SequencePoint vc="0" uspid="12" ordinal="1" offset="6" sl="33" sc="9" el="33" ec="10" bec="0" bev="0" fileid="1" />
              </SequencePoints>
              <BranchPoints />
              <MethodPoint xsi:type="SequencePoint" vc="0" uspid="11" ordinal="0" offset="0" sl="32" sc="9" el="32" ec="29" bec="0" bev="0" fileid="1" />
            </Method>
          </Methods>
        </Class>
        <Class>
          <Summary numSequencePoints="75" visitedSequencePoints="0" numBranchPoints="18" visitedBranchPoints="0" sequenceCoverage="0" branchCoverage="0" maxCyclomaticComplexity="15" minCyclomaticComplexity="1" visitedClasses="0" numClasses="1" visitedMethods="0" numMethods="6" />
          <FullName>SourceCode.SmartObjects.Services.Tests.Managers.ServiceInstanceManager</FullName>
          <Methods>
            <Method visited="false" cyclomaticComplexity="1" nPathComplexity="0" sequenceCoverage="0" branchCoverage="0" isConstructor="true" isStatic="false" isGetter="false" isSetter="false">
              <Summary numSequencePoints="4" visitedSequencePoints="0" numBranchPoints="1" visitedBranchPoints="0" sequenceCoverage="0" branchCoverage="0" maxCyclomaticComplexity="1" minCyclomaticComplexity="1" visitedClasses="0" numClasses="0" visitedMethods="0" numMethods="1" />
              <MetadataToken>100663302</MetadataToken>
              <Name>System.Void SourceCode.SmartObjects.Services.Tests.Managers.ServiceInstanceManager::.ctor(SourceCode.SmartObjects.Services.Tests.Managers.ServiceTypeManager,SourceCode.SmartObjects.Services.Tests.Managers.ServiceInstanceSettings)</Name>
              <FileRef uid="2" />
              <SequencePoints>
                <SequencePoint vc="0" uspid="13" ordinal="0" offset="0" sl="18" sc="9" el="18" ec="126" bec="0" bev="0" fileid="2" />
                <SequencePoint vc="0" uspid="14" ordinal="1" offset="6" sl="20" sc="13" el="20" ec="54" bec="0" bev="0" fileid="2" />
                <SequencePoint vc="0" uspid="15" ordinal="2" offset="13" sl="21" sc="13" el="21" ec="64" bec="0" bev="0" fileid="2" />
                <SequencePoint vc="0" uspid="16" ordinal="3" offset="20" sl="22" sc="9" el="22" ec="10" bec="0" bev="0" fileid="2" />
              </SequencePoints>
              <BranchPoints />
              <MethodPoint xsi:type="SequencePoint" vc="0" uspid="13" ordinal="0" offset="0" sl="18" sc="9" el="18" ec="126" bec="0" bev="0" fileid="2" />
            </Method>
            <Method visited="false" cyclomaticComplexity="6" nPathComplexity="2" sequenceCoverage="0" branchCoverage="0" isConstructor="false" isStatic="false" isGetter="false" isSetter="false">
              <Summary numSequencePoints="12" visitedSequencePoints="0" numBranchPoints="3" visitedBranchPoints="0" sequenceCoverage="0" branchCoverage="0" maxCyclomaticComplexity="6" minCyclomaticComplexity="6" visitedClasses="0" numClasses="0" visitedMethods="0" numMethods="1" />
              <MetadataToken>100663303</MetadataToken>
              <Name>System.Void SourceCode.SmartObjects.Services.Tests.Managers.ServiceInstanceManager::Delete()</Name>
              <FileRef uid="2" />
              <SequencePoints>
                <SequencePoint vc="0" uspid="17" ordinal="0" offset="0" sl="26" sc="13" el="26" ec="105" bec="0" bev="0" fileid="2" />
                <SequencePoint vc="0" uspid="18" ordinal="1" offset="6" sl="27" sc="13" el="27" ec="59" bec="0" bev="0" fileid="2" />
                <SequencePoint vc="0" uspid="19" ordinal="2" offset="13" sl="29" sc="57" el="29" ec="144" bec="0" bev="0" fileid="2" />
                <SequencePoint vc="0" uspid="20" ordinal="3" offset="43" sl="29" sc="26" el="29" ec="53" bec="0" bev="0" fileid="2" />
                <SequencePoint vc="0" uspid="21" ordinal="4" offset="56" sl="31" sc="21" el="31" ec="85" bec="0" bev="0" fileid="2" />
                <SequencePoint vc="0" uspid="22" ordinal="5" offset="69" sl="29" sc="54" el="29" ec="56" bec="0" bev="0" fileid="2" />
                <SequencePoint vc="0" uspid="23" ordinal="6" offset="109" sl="35" sc="13" el="35" ec="97" bec="0" bev="0" fileid="2" />
                <SequencePoint vc="0" uspid="24" ordinal="7" offset="115" sl="36" sc="13" el="36" ec="59" bec="0" bev="0" fileid="2" />
                <SequencePoint vc="0" uspid="25" ordinal="8" offset="122" sl="38" sc="17" el="38" ec="125" bec="2" bev="0" fileid="2" />
                <SequencePoint vc="0" uspid="26" ordinal="9" offset="146" sl="40" sc="21" el="40" ec="105" bec="0" bev="0" fileid="2" />
                <SequencePoint vc="0" uspid="27" ordinal="10" offset="165" sl="42" sc="13" el="42" ec="14" bec="0" bev="0" fileid="2" />
                <SequencePoint vc="0" uspid="28" ordinal="11" offset="177" sl="43" sc="9" el="43" ec="10" bec="0" bev="0" fileid="2" />
              </SequencePoints>
              <BranchPoints>
                <BranchPoint vc="0" uspid="31" ordinal="2" offset="144" sl="38" path="0" offsetend="146" fileid="2" />
                <BranchPoint vc="0" uspid="32" ordinal="3" offset="144" sl="38" path="1" offsetend="165" fileid="2" />
              </BranchPoints>
              <MethodPoint xsi:type="SequencePoint" vc="0" uspid="17" ordinal="0" offset="0" sl="26" sc="13" el="26" ec="105" bec="0" bev="0" fileid="2" />
            </Method>
            <Method visited="false" cyclomaticComplexity="15" nPathComplexity="16" sequenceCoverage="0" branchCoverage="0" isConstructor="false" isStatic="false" isGetter="false" isSetter="false">
              <Summary numSequencePoints="30" visitedSequencePoints="0" numBranchPoints="9" visitedBranchPoints="0" sequenceCoverage="0" branchCoverage="0" maxCyclomaticComplexity="15" minCyclomaticComplexity="15" visitedClasses="0" numClasses="0" visitedMethods="0" numMethods="1" />
              <MetadataToken>100663304</MetadataToken>
              <Name>System.Void SourceCode.SmartObjects.Services.Tests.Managers.ServiceInstanceManager::Register(System.Boolean)</Name>
              <FileRef uid="2" />
              <SequencePoints>
                <SequencePoint vc="0" uspid="33" ordinal="0" offset="0" sl="47" sc="13" el="47" ec="80" bec="0" bev="0" fileid="2" />
                <SequencePoint vc="0" uspid="34" ordinal="1" offset="6" sl="48" sc="13" el="48" ec="38" bec="0" bev="0" fileid="2" />
                <SequencePoint vc="0" uspid="35" ordinal="2" offset="13" sl="50" sc="17" el="50" ec="71" bec="0" bev="0" fileid="2" />
                <SequencePoint vc="0" uspid="36" ordinal="3" offset="21" sl="52" sc="17" el="52" ec="110" bec="0" bev="0" fileid="2" />
                <SequencePoint vc="0" uspid="37" ordinal="4" offset="38" sl="53" sc="17" el="53" ec="99" bec="0" bev="0" fileid="2" />
                <SequencePoint vc="0" uspid="38" ordinal="5" offset="44" sl="55" sc="17" el="55" ec="109" bec="0" bev="0" fileid="2" />
                <SequencePoint vc="0" uspid="39" ordinal="6" offset="51" sl="56" sc="17" el="56" ec="63" bec="0" bev="0" fileid="2" />
                <SequencePoint vc="0" uspid="40" ordinal="7" offset="60" sl="59" sc="50" el="59" ec="66" bec="0" bev="0" fileid="2" />
                <SequencePoint vc="0" uspid="41" ordinal="8" offset="70" sl="59" sc="30" el="59" ec="46" bec="0" bev="0" fileid="2" />
                <SequencePoint vc="0" uspid="42" ordinal="9" offset="79" sl="61" sc="25" el="62" ec="80" bec="3" bev="0" fileid="2" />
                <SequencePoint vc="0" uspid="43" ordinal="10" offset="129" sl="64" sc="29" el="64" ec="95" bec="0" bev="0" fileid="2" />
                <SequencePoint vc="0" uspid="44" ordinal="11" offset="143" sl="65" sc="29" el="65" ec="77" bec="0" bev="0" fileid="2" />
                <SequencePoint vc="0" uspid="45" ordinal="12" offset="156" sl="59" sc="47" el="59" ec="49" bec="0" bev="0" fileid="2" />
                <SequencePoint vc="0" uspid="46" ordinal="13" offset="191" sl="71" sc="17" el="71" ec="125" bec="0" bev="0" fileid="2" />
                <SequencePoint vc="0" uspid="47" ordinal="14" offset="209" sl="73" sc="17" el="73" ec="53" bec="2" bev="0" fileid="2" />
                <SequencePoint vc="0" uspid="48" ordinal="15" offset="211" sl="75" sc="21" el="75" ec="37" bec="2" bev="0" fileid="2" />
                <SequencePoint vc="0" uspid="49" ordinal="16" offset="214" sl="77" sc="25" el="77" ec="86" bec="0" bev="0" fileid="2" />
                <SequencePoint vc="0" uspid="50" ordinal="17" offset="232" sl="78" sc="21" el="78" ec="22" bec="0" bev="0" fileid="2" />
                <SequencePoint vc="0" uspid="51" ordinal="18" offset="234" sl="81" sc="25" el="83" ec="53" bec="0" bev="0" fileid="2" />
                <SequencePoint vc="0" uspid="52" ordinal="19" offset="258" sl="85" sc="17" el="85" ec="18" bec="0" bev="0" fileid="2" />
                <SequencePoint vc="0" uspid="53" ordinal="20" offset="260" sl="88" sc="21" el="94" ec="53" bec="0" bev="0" fileid="2" />
                <SequencePoint vc="0" uspid="54" ordinal="21" offset="343" sl="98" sc="24" el="98" ec="126" bec="0" bev="0" fileid="2" />
                <SequencePoint vc="0" uspid="55" ordinal="22" offset="367" sl="100" sc="21" el="100" ec="59" bec="0" bev="0" fileid="2" />
                <SequencePoint vc="0" uspid="56" ordinal="23" offset="379" sl="102" sc="61" el="102" ec="91" bec="0" bev="0" fileid="2" />
                <SequencePoint vc="0" uspid="57" ordinal="24" offset="395" sl="102" sc="30" el="102" ec="57" bec="0" bev="0" fileid="2" />
                <SequencePoint vc="0" uspid="58" ordinal="25" offset="407" sl="105" sc="64" el="105" ec="85" bec="0" bev="0" fileid="2" />
                <SequencePoint vc="0" uspid="59" ordinal="26" offset="421" sl="105" sc="34" el="105" ec="60" bec="0" bev="0" fileid="2" />
                <SequencePoint vc="0" uspid="60" ordinal="27" offset="434" sl="105" sc="61" el="105" ec="63" bec="0" bev="0" fileid="2" />
                <SequencePoint vc="0" uspid="61" ordinal="28" offset="466" sl="102" sc="58" el="102" ec="60" bec="0" bev="0" fileid="2" />
                <SequencePoint vc="0" uspid="62" ordinal="29" offset="520" sl="112" sc="9" el="112" ec="10" bec="0" bev="0" fileid="2" />
              </SequencePoints>
              <BranchPoints>
                <BranchPoint vc="0" uspid="63" ordinal="0" offset="102" sl="61" path="0" offsetend="104" fileid="2" />
                <BranchPoint vc="0" uspid="64" ordinal="1" offset="102" sl="61" path="1" offsetend="156" fileid="2" />
                <BranchPoint vc="0" uspid="65" ordinal="2" offset="127" sl="61" path="0" offsetend="129" fileid="2" />
                <BranchPoint vc="0" uspid="66" ordinal="3" offset="127" sl="61" path="1" offsetend="156" fileid="2" />
                <BranchPoint vc="0" uspid="69" ordinal="6" offset="209" sl="73" path="0" offsetend="211" fileid="2" />
                <BranchPoint vc="0" uspid="70" ordinal="7" offset="209" sl="73" path="1" offsetend="260" fileid="2" />
                <BranchPoint vc="0" uspid="71" ordinal="8" offset="212" sl="75" path="0" offsetend="214" fileid="2" />
                <BranchPoint vc="0" uspid="72" ordinal="9" offset="212" sl="75" path="1" offsetend="234" fileid="2" />
              </BranchPoints>
              <MethodPoint xsi:type="SequencePoint" vc="0" uspid="33" ordinal="0" offset="0" sl="47" sc="13" el="47" ec="80" bec="0" bev="0" fileid="2" />
            </Method>
            <Method visited="false" cyclomaticComplexity="4" nPathComplexity="0" sequenceCoverage="0" branchCoverage="0" isConstructor="false" isStatic="false" isGetter="false" isSetter="false">
              <Summary numSequencePoints="12" visitedSequencePoints="0" numBranchPoints="1" visitedBranchPoints="0" sequenceCoverage="0" branchCoverage="0" maxCyclomaticComplexity="4" minCyclomaticComplexity="4" visitedClasses="0" numClasses="0" visitedMethods="0" numMethods="1" />
              <MetadataToken>100663305</MetadataToken>
              <Name>System.Void SourceCode.SmartObjects.Services.Tests.Managers.ServiceInstanceManager::Update(System.Collections.Generic.IDictionary`2&lt;System.String,System.String&gt;)</Name>
              <FileRef uid="2" />
              <SequencePoints>
                <SequencePoint vc="0" uspid="79" ordinal="0" offset="0" sl="116" sc="13" el="116" ec="72" bec="0" bev="0" fileid="2" />
                <SequencePoint vc="0" uspid="80" ordinal="1" offset="11" sl="118" sc="13" el="118" ec="80" bec="0" bev="0" fileid="2" />
                <SequencePoint vc="0" uspid="81" ordinal="2" offset="17" sl="119" sc="13" el="119" ec="38" bec="0" bev="0" fileid="2" />
                <SequencePoint vc="0" uspid="82" ordinal="3" offset="24" sl="121" sc="17" el="121" ec="71" bec="0" bev="0" fileid="2" />
                <SequencePoint vc="0" uspid="83" ordinal="4" offset="32" sl="123" sc="17" el="123" ec="110" bec="0" bev="0" fileid="2" />
                <SequencePoint vc="0" uspid="84" ordinal="5" offset="50" sl="124" sc="47" el="124" ec="68" bec="0" bev="0" fileid="2" />
                <SequencePoint vc="0" uspid="85" ordinal="6" offset="59" sl="124" sc="26" el="124" ec="43" bec="0" bev="0" fileid="2" />
                <SequencePoint vc="0" uspid="86" ordinal="7" offset="67" sl="126" sc="21" el="126" ec="97" bec="0" bev="0" fileid="2" />
                <SequencePoint vc="0" uspid="87" ordinal="8" offset="97" sl="124" sc="44" el="124" ec="46" bec="0" bev="0" fileid="2" />
                <SequencePoint vc="0" uspid="88" ordinal="9" offset="117" sl="129" sc="17" el="131" ec="45" bec="0" bev="0" fileid="2" />
                <SequencePoint vc="0" uspid="89" ordinal="10" offset="141" sl="132" sc="13" el="132" ec="14" bec="0" bev="0" fileid="2" />
                <SequencePoint vc="0" uspid="90" ordinal="11" offset="153" sl="133" sc="9" el="133" ec="10" bec="0" bev="0" fileid="2" />
              </SequencePoints>
              <BranchPoints />
              <MethodPoint xsi:type="SequencePoint" vc="0" uspid="79" ordinal="0" offset="0" sl="116" sc="13" el="116" ec="72" bec="0" bev="0" fileid="2" />
            </Method>
            <Method visited="false" cyclomaticComplexity="4" nPathComplexity="2" sequenceCoverage="0" branchCoverage="0" isConstructor="false" isStatic="false" isGetter="false" isSetter="false">
              <Summary numSequencePoints="16" visitedSequencePoints="0" numBranchPoints="3" visitedBranchPoints="0" sequenceCoverage="0" branchCoverage="0" maxCyclomaticComplexity="4" minCyclomaticComplexity="4" visitedClasses="0" numClasses="0" visitedMethods="0" numMethods="1" />
              <MetadataToken>100663306</MetadataToken>
              <Name>SourceCode.SmartObjects.Services.Management.ServiceConfigInfo SourceCode.SmartObjects.Services.Tests.Managers.ServiceInstanceManager::GetServiceConfigInfo(SourceCode.SmartObjects.Services.Management.ServiceManagementServer)</Name>
              <FileRef uid="2" />
              <SequencePoints>
                <SequencePoint vc="0" uspid="93" ordinal="0" offset="0" sl="138" sc="13" el="138" ec="99" bec="0" bev="0" fileid="2" />
                <SequencePoint vc="0" uspid="94" ordinal="1" offset="17" sl="139" sc="13" el="139" ec="81" bec="0" bev="0" fileid="2" />
                <SequencePoint vc="0" uspid="95" ordinal="2" offset="23" sl="142" sc="13" el="142" ec="140" bec="0" bev="0" fileid="2" />
                <SequencePoint vc="0" uspid="96" ordinal="3" offset="50" sl="143" sc="13" el="143" ec="110" bec="0" bev="0" fileid="2" />
                <SequencePoint vc="0" uspid="97" ordinal="4" offset="77" sl="144" sc="13" el="144" ec="122" bec="0" bev="0" fileid="2" />
                <SequencePoint vc="0" uspid="98" ordinal="5" offset="104" sl="145" sc="13" el="145" ec="120" bec="0" bev="0" fileid="2" />
                <SequencePoint vc="0" uspid="99" ordinal="6" offset="131" sl="146" sc="13" el="146" ec="116" bec="0" bev="0" fileid="2" />
                <SequencePoint vc="0" uspid="100" ordinal="7" offset="158" sl="147" sc="13" el="147" ec="132" bec="0" bev="0" fileid="2" />
                <SequencePoint vc="0" uspid="101" ordinal="8" offset="185" sl="148" sc="13" el="148" ec="116" bec="0" bev="0" fileid="2" />
                <SequencePoint vc="0" uspid="102" ordinal="9" offset="212" sl="149" sc="13" el="149" ec="116" bec="0" bev="0" fileid="2" />
                <SequencePoint vc="0" uspid="103" ordinal="10" offset="239" sl="152" sc="43" el="152" ec="71" bec="0" bev="0" fileid="2" />
                <SequencePoint vc="0" uspid="104" ordinal="11" offset="253" sl="152" sc="22" el="152" ec="39" bec="0" bev="0" fileid="2" />
                <SequencePoint vc="0" uspid="105" ordinal="12" offset="260" sl="154" sc="17" el="154" ec="100" bec="2" bev="0" fileid="2" />
                <SequencePoint vc="0" uspid="106" ordinal="13" offset="284" sl="156" sc="21" el="156" ec="110" bec="0" bev="0" fileid="2" />
                <SequencePoint vc="0" uspid="107" ordinal="14" offset="312" sl="152" sc="40" el="152" ec="42" bec="0" bev="0" fileid="2" />
                <SequencePoint vc="0" uspid="108" ordinal="15" offset="332" sl="160" sc="13" el="160" ec="34" bec="0" bev="0" fileid="2" />
              </SequencePoints>
              <BranchPoints>
                <BranchPoint vc="0" uspid="109" ordinal="0" offset="282" sl="154" path="0" offsetend="284" fileid="2" />
                <BranchPoint vc="0" uspid="110" ordinal="1" offset="282" sl="154" path="1" offsetend="312" fileid="2" />
              </BranchPoints>
              <MethodPoint xsi:type="SequencePoint" vc="0" uspid="93" ordinal="0" offset="0" sl="138" sc="13" el="138" ec="99" bec="0" bev="0" fileid="2" />
            </Method>
            <Method visited="false" cyclomaticComplexity="1" nPathComplexity="0" sequenceCoverage="0" branchCoverage="0" isConstructor="false" isStatic="false" isGetter="false" isSetter="false">
              <Summary numSequencePoints="1" visitedSequencePoints="0" numBranchPoints="1" visitedBranchPoints="0" sequenceCoverage="0" branchCoverage="0" maxCyclomaticComplexity="1" minCyclomaticComplexity="1" visitedClasses="0" numClasses="0" visitedMethods="0" numMethods="1" />
              <MetadataToken>100663307</MetadataToken>
              <Name>System.Boolean SourceCode.SmartObjects.Services.Tests.Managers.ServiceInstanceManager::&lt;Register&gt;b__4_0(SourceCode.SmartObjects.Services.Management.ServiceInstanceInfo)</Name>
              <FileRef uid="2" />
              <SequencePoints>
                <SequencePoint vc="0" uspid="113" ordinal="0" offset="0" sl="71" sc="84" el="71" ec="123" bec="0" bev="0" fileid="2" />
              </SequencePoints>
              <BranchPoints />
              <MethodPoint xsi:type="SequencePoint" vc="0" uspid="113" ordinal="0" offset="0" sl="71" sc="84" el="71" ec="123" bec="0" bev="0" fileid="2" />
            </Method>
          </Methods>
        </Class>
        <Class>
          <Summary numSequencePoints="0" visitedSequencePoints="0" numBranchPoints="0" visitedBranchPoints="0" sequenceCoverage="0" branchCoverage="0" maxCyclomaticComplexity="1" minCyclomaticComplexity="1" visitedClasses="0" numClasses="0" visitedMethods="0" numMethods="0" />
          <FullName>SourceCode.SmartObjects.Services.Tests.Managers.ServiceInstanceSettings</FullName>
          <Methods>
            <Method visited="false" cyclomaticComplexity="1" nPathComplexity="0" sequenceCoverage="0" branchCoverage="0" isConstructor="true" isStatic="false" isGetter="false" isSetter="false">
              <Summary numSequencePoints="0" visitedSequencePoints="0" numBranchPoints="0" visitedBranchPoints="0" sequenceCoverage="0" branchCoverage="0" maxCyclomaticComplexity="1" minCyclomaticComplexity="1" visitedClasses="0" numClasses="0" visitedMethods="0" numMethods="0" />
              <MetadataToken>100663314</MetadataToken>
              <Name>System.Void SourceCode.SmartObjects.Services.Tests.Managers.ServiceInstanceSettings::.ctor()</Name>
              <SequencePoints />
              <BranchPoints />
              <MethodPoint vc="0" uspid="114" ordinal="0" offset="0" />
            </Method>
          </Methods>
        </Class>
        <Class>
          <Summary numSequencePoints="37" visitedSequencePoints="0" numBranchPoints="14" visitedBranchPoints="0" sequenceCoverage="0" branchCoverage="0" maxCyclomaticComplexity="5" minCyclomaticComplexity="1" visitedClasses="0" numClasses="1" visitedMethods="0" numMethods="6" />
          <FullName>SourceCode.SmartObjects.Services.Tests.Managers.ServiceTypeManager</FullName>
          <Methods>
            <Method visited="false" cyclomaticComplexity="1" nPathComplexity="0" sequenceCoverage="0" branchCoverage="0" isConstructor="false" isStatic="false" isGetter="true" isSetter="false">
              <Summary numSequencePoints="1" visitedSequencePoints="0" numBranchPoints="1" visitedBranchPoints="0" sequenceCoverage="0" branchCoverage="0" maxCyclomaticComplexity="1" minCyclomaticComplexity="1" visitedClasses="0" numClasses="0" visitedMethods="0" numMethods="1" />
              <MetadataToken>100663316</MetadataToken>
              <Name>System.Guid SourceCode.SmartObjects.Services.Tests.Managers.ServiceTypeManager::get_Guid()</Name>
              <FileRef uid="3" />
              <SequencePoints>
                <SequencePoint vc="0" uspid="115" ordinal="0" offset="0" sl="52" sc="19" el="52" ec="32" bec="0" bev="0" fileid="3" />
              </SequencePoints>
              <BranchPoints />
              <MethodPoint xsi:type="SequencePoint" vc="0" uspid="115" ordinal="0" offset="0" sl="52" sc="19" el="52" ec="32" bec="0" bev="0" fileid="3" />
            </Method>
            <Method visited="false" cyclomaticComplexity="5" nPathComplexity="8" sequenceCoverage="0" branchCoverage="0" isConstructor="true" isStatic="false" isGetter="false" isSetter="false">
              <Summary numSequencePoints="20" visitedSequencePoints="0" numBranchPoints="7" visitedBranchPoints="0" sequenceCoverage="0" branchCoverage="0" maxCyclomaticComplexity="5" minCyclomaticComplexity="5" visitedClasses="0" numClasses="0" visitedMethods="0" numMethods="1" />
              <MetadataToken>100663315</MetadataToken>
              <Name>System.Void SourceCode.SmartObjects.Services.Tests.Managers.ServiceTypeManager::.ctor(SourceCode.SmartObjects.Services.Tests.Managers.ServiceTypeSettings)</Name>
              <FileRef uid="3" />
              <SequencePoints>
                <SequencePoint vc="0" uspid="116" ordinal="0" offset="0" sl="16" sc="9" el="16" ec="75" bec="0" bev="0" fileid="3" />
                <SequencePoint vc="0" uspid="117" ordinal="1" offset="6" sl="18" sc="13" el="18" ec="45" bec="2" bev="0" fileid="3" />
                <SequencePoint vc="0" uspid="118" ordinal="2" offset="9" sl="20" sc="17" el="20" ec="72" bec="0" bev="0" fileid="3" />
                <SequencePoint vc="0" uspid="119" ordinal="3" offset="20" sl="23" sc="13" el="23" ec="53" bec="0" bev="0" fileid="3" />
                <SequencePoint vc="0" uspid="120" ordinal="4" offset="32" sl="24" sc="13" el="24" ec="53" bec="0" bev="0" fileid="3" />
                <SequencePoint vc="0" uspid="121" ordinal="5" offset="44" sl="25" sc="13" el="25" ec="67" bec="0" bev="0" fileid="3" />
                <SequencePoint vc="0" uspid="122" ordinal="6" offset="56" sl="26" sc="13" el="26" ec="56" bec="0" bev="0" fileid="3" />
                <SequencePoint vc="0" uspid="123" ordinal="7" offset="68" sl="29" sc="13" el="29" ec="56" bec="2" bev="0" fileid="3" />
                <SequencePoint vc="0" uspid="124" ordinal="8" offset="76" sl="31" sc="17" el="31" ec="84" bec="0" bev="0" fileid="3" />
                <SequencePoint vc="0" uspid="125" ordinal="9" offset="82" sl="32" sc="17" el="32" ec="42" bec="0" bev="0" fileid="3" />
                <SequencePoint vc="0" uspid="126" ordinal="10" offset="89" sl="34" sc="21" el="34" ec="68" bec="0" bev="0" fileid="3" />
                <SequencePoint vc="0" uspid="127" ordinal="11" offset="95" sl="35" sc="21" el="35" ec="93" bec="0" bev="0" fileid="3" />
                <SequencePoint vc="0" uspid="128" ordinal="12" offset="100" sl="36" sc="21" el="36" ec="109" bec="0" bev="0" fileid="3" />
                <SequencePoint vc="0" uspid="129" ordinal="13" offset="118" sl="38" sc="21" el="38" ec="45" bec="2" bev="0" fileid="3" />
                <SequencePoint vc="0" uspid="130" ordinal="14" offset="121" sl="40" sc="25" el="40" ec="44" bec="0" bev="0" fileid="3" />
                <SequencePoint vc="0" uspid="131" ordinal="15" offset="128" sl="42" sc="25" el="42" ec="50" bec="0" bev="0" fileid="3" />
                <SequencePoint vc="0" uspid="132" ordinal="16" offset="140" sl="43" sc="25" el="43" ec="50" bec="0" bev="0" fileid="3" />
                <SequencePoint vc="0" uspid="133" ordinal="17" offset="152" sl="44" sc="25" el="44" ec="64" bec="0" bev="0" fileid="3" />
                <SequencePoint vc="0" uspid="134" ordinal="18" offset="164" sl="46" sc="17" el="46" ec="18" bec="0" bev="0" fileid="3" />
                <SequencePoint vc="0" uspid="135" ordinal="19" offset="176" sl="48" sc="9" el="48" ec="10" bec="0" bev="0" fileid="3" />
              </SequencePoints>
              <BranchPoints>
                <BranchPoint vc="0" uspid="136" ordinal="0" offset="7" sl="18" path="0" offsetend="9" fileid="3" />
                <BranchPoint vc="0" uspid="137" ordinal="1" offset="7" sl="18" path="1" offsetend="20" fileid="3" />
                <BranchPoint vc="0" uspid="138" ordinal="2" offset="74" sl="29" path="0" offsetend="76" fileid="3" />
                <BranchPoint vc="0" uspid="139" ordinal="3" offset="74" sl="29" path="1" offsetend="176" fileid="3" />
                <BranchPoint vc="0" uspid="140" ordinal="4" offset="119" sl="38" path="0" offsetend="121" fileid="3" />
                <BranchPoint vc="0" uspid="141" ordinal="5" offset="119" sl="38" path="1" offsetend="164" fileid="3" />
              </BranchPoints>
              <MethodPoint xsi:type="SequencePoint" vc="0" uspid="116" ordinal="0" offset="0" sl="16" sc="9" el="16" ec="75" bec="0" bev="0" fileid="3" />
            </Method>
            <Method visited="false" cyclomaticComplexity="2" nPathComplexity="0" sequenceCoverage="0" branchCoverage="0" isConstructor="false" isStatic="false" isGetter="false" isSetter="false">
              <Summary numSequencePoints="5" visitedSequencePoints="0" numBranchPoints="1" visitedBranchPoints="0" sequenceCoverage="0" branchCoverage="0" maxCyclomaticComplexity="2" minCyclomaticComplexity="2" visitedClasses="0" numClasses="0" visitedMethods="0" numMethods="1" />
              <MetadataToken>100663317</MetadataToken>
              <Name>System.Void SourceCode.SmartObjects.Services.Tests.Managers.ServiceTypeManager::Delete()</Name>
              <FileRef uid="3" />
              <SequencePoints>
                <SequencePoint vc="0" uspid="142" ordinal="0" offset="0" sl="57" sc="13" el="57" ec="80" bec="0" bev="0" fileid="3" />
                <SequencePoint vc="0" uspid="143" ordinal="1" offset="6" sl="58" sc="13" el="58" ec="38" bec="0" bev="0" fileid="3" />
                <SequencePoint vc="0" uspid="144" ordinal="2" offset="13" sl="60" sc="17" el="60" ec="56" bec="0" bev="0" fileid="3" />
                <SequencePoint vc="0" uspid="145" ordinal="3" offset="27" sl="61" sc="13" el="61" ec="14" bec="0" bev="0" fileid="3" />
                <SequencePoint vc="0" uspid="146" ordinal="4" offset="39" sl="62" sc="9" el="62" ec="10" bec="0" bev="0" fileid="3" />
              </SequencePoints>
              <BranchPoints />
              <MethodPoint xsi:type="SequencePoint" vc="0" uspid="142" ordinal="0" offset="0" sl="57" sc="13" el="57" ec="80" bec="0" bev="0" fileid="3" />
            </Method>
            <Method visited="false" cyclomaticComplexity="3" nPathComplexity="2" sequenceCoverage="0" branchCoverage="0" isConstructor="false" isStatic="false" isGetter="false" isSetter="false">
              <Summary numSequencePoints="9" visitedSequencePoints="0" numBranchPoints="3" visitedBranchPoints="0" sequenceCoverage="0" branchCoverage="0" maxCyclomaticComplexity="3" minCyclomaticComplexity="3" visitedClasses="0" numClasses="0" visitedMethods="0" numMethods="1" />
              <MetadataToken>100663318</MetadataToken>
              <Name>System.Void SourceCode.SmartObjects.Services.Tests.Managers.ServiceTypeManager::Register()</Name>
              <FileRef uid="3" />
              <SequencePoints>
                <SequencePoint vc="0" uspid="147" ordinal="0" offset="0" sl="66" sc="13" el="66" ec="29" bec="2" bev="0" fileid="3" />
                <SequencePoint vc="0" uspid="148" ordinal="1" offset="8" sl="68" sc="17" el="68" ec="24" bec="0" bev="0" fileid="3" />
                <SequencePoint vc="0" uspid="149" ordinal="2" offset="9" sl="71" sc="13" el="71" ec="80" bec="0" bev="0" fileid="3" />
                <SequencePoint vc="0" uspid="150" ordinal="3" offset="15" sl="72" sc="13" el="72" ec="38" bec="0" bev="0" fileid="3" />
                <SequencePoint vc="0" uspid="151" ordinal="4" offset="22" sl="74" sc="17" el="76" ec="60" bec="0" bev="0" fileid="3" />
                <SequencePoint vc="0" uspid="152" ordinal="5" offset="51" sl="78" sc="17" el="78" ec="42" bec="0" bev="0" fileid="3" />
                <SequencePoint vc="0" uspid="153" ordinal="6" offset="59" sl="80" sc="17" el="86" ec="33" bec="0" bev="0" fileid="3" />
                <SequencePoint vc="0" uspid="154" ordinal="7" offset="97" sl="87" sc="13" el="87" ec="14" bec="0" bev="0" fileid="3" />
                <SequencePoint vc="0" uspid="155" ordinal="8" offset="109" sl="88" sc="9" el="88" ec="10" bec="0" bev="0" fileid="3" />
              </SequencePoints>
              <BranchPoints>
                <BranchPoint vc="0" uspid="156" ordinal="0" offset="6" sl="66" path="0" offsetend="8" fileid="3" />
                <BranchPoint vc="0" uspid="157" ordinal="1" offset="6" sl="66" path="1" offsetend="9" fileid="3" />
              </BranchPoints>
              <MethodPoint xsi:type="SequencePoint" vc="0" uspid="147" ordinal="0" offset="0" sl="66" sc="13" el="66" ec="29" bec="2" bev="0" fileid="3" />
            </Method>
            <Method visited="false" cyclomaticComplexity="1" nPathComplexity="0" sequenceCoverage="0" branchCoverage="0" isConstructor="false" isStatic="false" isGetter="false" isSetter="false">
              <Summary numSequencePoints="1" visitedSequencePoints="0" numBranchPoints="1" visitedBranchPoints="0" sequenceCoverage="0" branchCoverage="0" maxCyclomaticComplexity="1" minCyclomaticComplexity="1" visitedClasses="0" numClasses="0" visitedMethods="0" numMethods="1" />
              <MetadataToken>100663319</MetadataToken>
              <Name>System.Boolean SourceCode.SmartObjects.Services.Tests.Managers.ServiceTypeManager::&lt;.ctor&gt;b__5_0(SourceCode.SmartObjects.Services.Management.ServiceTypeInfo)</Name>
              <FileRef uid="3" />
              <SequencePoints>
                <SequencePoint vc="0" uspid="158" ordinal="0" offset="0" sl="36" sc="81" el="36" ec="107" bec="0" bev="0" fileid="3" />
              </SequencePoints>
              <BranchPoints />
              <MethodPoint xsi:type="SequencePoint" vc="0" uspid="158" ordinal="0" offset="0" sl="36" sc="81" el="36" ec="107" bec="0" bev="0" fileid="3" />
            </Method>
            <Method visited="false" cyclomaticComplexity="1" nPathComplexity="0" sequenceCoverage="0" branchCoverage="0" isConstructor="false" isStatic="false" isGetter="false" isSetter="false">
              <Summary numSequencePoints="1" visitedSequencePoints="0" numBranchPoints="1" visitedBranchPoints="0" sequenceCoverage="0" branchCoverage="0" maxCyclomaticComplexity="1" minCyclomaticComplexity="1" visitedClasses="0" numClasses="0" visitedMethods="0" numMethods="1" />
              <MetadataToken>100663320</MetadataToken>
              <Name>System.Boolean SourceCode.SmartObjects.Services.Tests.Managers.ServiceTypeManager::&lt;Register&gt;b__9_0(System.Collections.Generic.KeyValuePair`2&lt;System.String,System.String&gt;)</Name>
              <FileRef uid="3" />
              <SequencePoints>
                <SequencePoint vc="0" uspid="159" ordinal="0" offset="0" sl="75" sc="38" el="75" ec="58" bec="0" bev="0" fileid="3" />
              </SequencePoints>
              <BranchPoints />
              <MethodPoint xsi:type="SequencePoint" vc="0" uspid="159" ordinal="0" offset="0" sl="75" sc="38" el="75" ec="58" bec="0" bev="0" fileid="3" />
            </Method>
          </Methods>
        </Class>
        <Class>
          <Summary numSequencePoints="1" visitedSequencePoints="0" numBranchPoints="1" visitedBranchPoints="0" sequenceCoverage="0" branchCoverage="0" maxCyclomaticComplexity="1" minCyclomaticComplexity="1" visitedClasses="0" numClasses="1" visitedMethods="0" numMethods="1" />
          <FullName>SourceCode.SmartObjects.Services.Tests.Managers.ServiceTypeSettings</FullName>
          <Methods>
            <Method visited="false" cyclomaticComplexity="1" nPathComplexity="0" sequenceCoverage="0" branchCoverage="0" isConstructor="false" isStatic="false" isGetter="true" isSetter="false">
              <Summary numSequencePoints="1" visitedSequencePoints="0" numBranchPoints="1" visitedBranchPoints="0" sequenceCoverage="0" branchCoverage="0" maxCyclomaticComplexity="1" minCyclomaticComplexity="1" visitedClasses="0" numClasses="0" visitedMethods="0" numMethods="1" />
              <MetadataToken>100663321</MetadataToken>
              <Name>System.Boolean SourceCode.SmartObjects.Services.Tests.Managers.ServiceTypeSettings::get_AlwaysUseDefaults()</Name>
              <FileRef uid="4" />
              <SequencePoints>
                <SequencePoint vc="0" uspid="160" ordinal="0" offset="0" sl="11" sc="17" el="11" ec="30" bec="0" bev="0" fileid="4" />
              </SequencePoints>
              <BranchPoints />
              <MethodPoint xsi:type="SequencePoint" vc="0" uspid="160" ordinal="0" offset="0" sl="11" sc="17" el="11" ec="30" bec="0" bev="0" fileid="4" />
            </Method>
            <Method visited="false" cyclomaticComplexity="1" nPathComplexity="0" sequenceCoverage="0" branchCoverage="0" isConstructor="true" isStatic="false" isGetter="false" isSetter="false">
              <Summary numSequencePoints="0" visitedSequencePoints="0" numBranchPoints="0" visitedBranchPoints="0" sequenceCoverage="0" branchCoverage="0" maxCyclomaticComplexity="1" minCyclomaticComplexity="1" visitedClasses="0" numClasses="0" visitedMethods="0" numMethods="0" />
              <MetadataToken>100663326</MetadataToken>
              <Name>System.Void SourceCode.SmartObjects.Services.Tests.Managers.ServiceTypeSettings::.ctor()</Name>
              <SequencePoints />
              <BranchPoints />
              <MethodPoint vc="0" uspid="161" ordinal="0" offset="0" />
            </Method>
          </Methods>
        </Class>
        <Class>
          <Summary numSequencePoints="16" visitedSequencePoints="0" numBranchPoints="4" visitedBranchPoints="0" sequenceCoverage="0" branchCoverage="0" maxCyclomaticComplexity="4" minCyclomaticComplexity="1" visitedClasses="0" numClasses="1" visitedMethods="0" numMethods="4" />
          <FullName>SourceCode.SmartObjects.Services.Tests.Managers.SmartObjectsManager</FullName>
          <Methods>
            <Method visited="false" cyclomaticComplexity="1" nPathComplexity="0" sequenceCoverage="0" branchCoverage="0" isConstructor="false" isStatic="false" isGetter="true" isSetter="false">
              <Summary numSequencePoints="1" visitedSequencePoints="0" numBranchPoints="1" visitedBranchPoints="0" sequenceCoverage="0" branchCoverage="0" maxCyclomaticComplexity="1" minCyclomaticComplexity="1" visitedClasses="0" numClasses="0" visitedMethods="0" numMethods="1" />
              <MetadataToken>100663328</MetadataToken>
              <Name>SourceCode.SmartObjects.Services.Tests.Managers.ServiceInstanceSettings SourceCode.SmartObjects.Services.Tests.Managers.SmartObjectsManager::get_ServiceInstanceSettings()</Name>
              <FileRef uid="5" />
              <SequencePoints>
                <SequencePoint vc="0" uspid="162" ordinal="0" offset="0" sl="18" sc="19" el="18" ec="51" bec="0" bev="0" fileid="5" />
              </SequencePoints>
              <BranchPoints />
              <MethodPoint xsi:type="SequencePoint" vc="0" uspid="162" ordinal="0" offset="0" sl="18" sc="19" el="18" ec="51" bec="0" bev="0" fileid="5" />
            </Method>
            <Method visited="false" cyclomaticComplexity="1" nPathComplexity="0" sequenceCoverage="0" branchCoverage="0" isConstructor="true" isStatic="false" isGetter="false" isSetter="false">
              <Summary numSequencePoints="3" visitedSequencePoints="0" numBranchPoints="1" visitedBranchPoints="0" sequenceCoverage="0" branchCoverage="0" maxCyclomaticComplexity="1" minCyclomaticComplexity="1" visitedClasses="0" numClasses="0" visitedMethods="0" numMethods="1" />
              <MetadataToken>100663327</MetadataToken>
              <Name>System.Void SourceCode.SmartObjects.Services.Tests.Managers.SmartObjectsManager::.ctor(SourceCode.SmartObjects.Services.Tests.Managers.ServiceInstanceSettings)</Name>
              <FileRef uid="5" />
              <SequencePoints>
                <SequencePoint vc="0" uspid="163" ordinal="0" offset="0" sl="11" sc="9" el="11" ec="84" bec="0" bev="0" fileid="5" />
                <SequencePoint vc="0" uspid="164" ordinal="1" offset="6" sl="13" sc="13" el="13" ec="64" bec="0" bev="0" fileid="5" />
                <SequencePoint vc="0" uspid="165" ordinal="2" offset="13" sl="14" sc="9" el="14" ec="10" bec="0" bev="0" fileid="5" />
              </SequencePoints>
              <BranchPoints />
              <MethodPoint xsi:type="SequencePoint" vc="0" uspid="163" ordinal="0" offset="0" sl="11" sc="9" el="11" ec="84" bec="0" bev="0" fileid="5" />
            </Method>
            <Method visited="false" cyclomaticComplexity="4" nPathComplexity="0" sequenceCoverage="0" branchCoverage="0" isConstructor="false" isStatic="false" isGetter="false" isSetter="false">
              <Summary numSequencePoints="7" visitedSequencePoints="0" numBranchPoints="1" visitedBranchPoints="0" sequenceCoverage="0" branchCoverage="0" maxCyclomaticComplexity="4" minCyclomaticComplexity="4" visitedClasses="0" numClasses="0" visitedMethods="0" numMethods="1" />
              <MetadataToken>100663329</MetadataToken>
              <Name>System.Void SourceCode.SmartObjects.Services.Tests.Managers.SmartObjectsManager::Delete()</Name>
              <FileRef uid="5" />
              <SequencePoints>
                <SequencePoint vc="0" uspid="166" ordinal="0" offset="0" sl="23" sc="13" el="23" ec="105" bec="0" bev="0" fileid="5" />
                <SequencePoint vc="0" uspid="167" ordinal="1" offset="6" sl="24" sc="13" el="24" ec="59" bec="0" bev="0" fileid="5" />
                <SequencePoint vc="0" uspid="168" ordinal="2" offset="13" sl="26" sc="57" el="26" ec="144" bec="0" bev="0" fileid="5" />
                <SequencePoint vc="0" uspid="169" ordinal="3" offset="43" sl="26" sc="26" el="26" ec="53" bec="0" bev="0" fileid="5" />
                <SequencePoint vc="0" uspid="170" ordinal="4" offset="55" sl="28" sc="21" el="28" ec="85" bec="0" bev="0" fileid="5" />
                <SequencePoint vc="0" uspid="171" ordinal="5" offset="67" sl="26" sc="54" el="26" ec="56" bec="0" bev="0" fileid="5" />
                <SequencePoint vc="0" uspid="172" ordinal="6" offset="107" sl="31" sc="9" el="31" ec="10" bec="0" bev="0" fileid="5" />
              </SequencePoints>
              <BranchPoints />
              <MethodPoint xsi:type="SequencePoint" vc="0" uspid="166" ordinal="0" offset="0" sl="23" sc="13" el="23" ec="105" bec="0" bev="0" fileid="5" />
            </Method>
            <Method visited="false" cyclomaticComplexity="2" nPathComplexity="0" sequenceCoverage="0" branchCoverage="0" isConstructor="false" isStatic="false" isGetter="false" isSetter="false">
              <Summary numSequencePoints="5" visitedSequencePoints="0" numBranchPoints="1" visitedBranchPoints="0" sequenceCoverage="0" branchCoverage="0" maxCyclomaticComplexity="2" minCyclomaticComplexity="2" visitedClasses="0" numClasses="0" visitedMethods="0" numMethods="1" />
              <MetadataToken>100663330</MetadataToken>
              <Name>System.Void SourceCode.SmartObjects.Services.Tests.Managers.SmartObjectsManager::Register()</Name>
              <FileRef uid="5" />
              <SequencePoints>
                <SequencePoint vc="0" uspid="175" ordinal="0" offset="0" sl="35" sc="13" el="35" ec="94" bec="0" bev="0" fileid="5" />
                <SequencePoint vc="0" uspid="176" ordinal="1" offset="6" sl="36" sc="13" el="36" ec="48" bec="0" bev="0" fileid="5" />
                <SequencePoint vc="0" uspid="177" ordinal="2" offset="13" sl="38" sc="17" el="38" ec="104" bec="0" bev="0" fileid="5" />
                <SequencePoint vc="0" uspid="178" ordinal="3" offset="33" sl="39" sc="13" el="39" ec="14" bec="0" bev="0" fileid="5" />
                <SequencePoint vc="0" uspid="179" ordinal="4" offset="45" sl="40" sc="9" el="40" ec="10" bec="0" bev="0" fileid="5" />
              </SequencePoints>
              <BranchPoints />
              <MethodPoint xsi:type="SequencePoint" vc="0" uspid="175" ordinal="0" offset="0" sl="35" sc="13" el="35" ec="94" bec="0" bev="0" fileid="5" />
            </Method>
          </Methods>
        </Class>
        <Class>
          <Summary numSequencePoints="25" visitedSequencePoints="0" numBranchPoints="30" visitedBranchPoints="0" sequenceCoverage="0" branchCoverage="0" maxCyclomaticComplexity="10" minCyclomaticComplexity="1" visitedClasses="0" numClasses="1" visitedMethods="0" numMethods="6" />
          <FullName>SourceCode.SmartObjects.Services.Tests.Helpers.AssertHelper</FullName>
          <Methods>
            <Method visited="false" cyclomaticComplexity="10" nPathComplexity="64" sequenceCoverage="0" branchCoverage="0" isConstructor="false" isStatic="true" isGetter="false" isSetter="false">
              <Summary numSequencePoints="4" visitedSequencePoints="0" numBranchPoints="13" visitedBranchPoints="0" sequenceCoverage="0" branchCoverage="0" maxCyclomaticComplexity="10" minCyclomaticComplexity="10" visitedClasses="0" numClasses="0" visitedMethods="0" numMethods="1" />
              <MetadataToken>100663331</MetadataToken>
              <Name>System.Void SourceCode.SmartObjects.Services.Tests.Helpers.AssertHelper::AreEqual(T,T,System.String,System.Object[])</Name>
              <FileRef uid="6" />
              <SequencePoints>
                <SequencePoint vc="0" uspid="180" ordinal="0" offset="0" sl="10" sc="13" el="10" ec="50" bec="4" bev="0" fileid="6" />
                <SequencePoint vc="0" uspid="181" ordinal="1" offset="32" sl="12" sc="17" el="12" ec="24" bec="0" bev="0" fileid="6" />
                <SequencePoint vc="0" uspid="182" ordinal="2" offset="33" sl="15" sc="13" el="15" ec="71" bec="0" bev="0" fileid="6" />
                <SequencePoint vc="0" uspid="183" ordinal="3" offset="41" sl="17" sc="13" el="17" ec="189" bec="8" bev="0" fileid="6" />
              </SequencePoints>
              <BranchPoints>
                <BranchPoint vc="0" uspid="184" ordinal="0" offset="6" sl="10" path="0" offsetend="8" fileid="6" />
                <BranchPoint vc="0" uspid="185" ordinal="1" offset="6" sl="10" path="1" offsetend="11" fileid="6" />
                <BranchPoint vc="0" uspid="186" ordinal="2" offset="30" sl="10" path="0" offsetend="32" fileid="6" />
                <BranchPoint vc="0" uspid="187" ordinal="3" offset="30" sl="10" path="1" offsetend="33" fileid="6" />
                <BranchPoint vc="0" uspid="188" ordinal="4" offset="77" sl="17" path="0" offsetend="79" fileid="6" />
                <BranchPoint vc="0" uspid="189" ordinal="5" offset="77" sl="17" path="1" offsetend="82" fileid="6" />
                <BranchPoint vc="0" uspid="190" ordinal="6" offset="96" sl="17" path="0" offsetend="98" fileid="6" />
                <BranchPoint vc="0" uspid="191" ordinal="7" offset="96" sl="17" path="1" offsetend="104" fileid="6" />
                <BranchPoint vc="0" uspid="192" ordinal="8" offset="113" sl="17" path="0" offsetend="115" fileid="6" />
                <BranchPoint vc="0" uspid="193" ordinal="9" offset="113" sl="17" path="1" offsetend="118" fileid="6" />
                <BranchPoint vc="0" uspid="194" ordinal="10" offset="132" sl="17" path="0" offsetend="134" fileid="6" />
                <BranchPoint vc="0" uspid="195" ordinal="11" offset="132" sl="17" path="1" offsetend="140" fileid="6" />
              </BranchPoints>
              <MethodPoint xsi:type="SequencePoint" vc="0" uspid="180" ordinal="0" offset="0" sl="10" sc="13" el="10" ec="50" bec="4" bev="0" fileid="6" />
            </Method>
            <Method visited="false" cyclomaticComplexity="1" nPathComplexity="0" sequenceCoverage="0" branchCoverage="0" isConstructor="false" isStatic="true" isGetter="false" isSetter="false">
              <Summary numSequencePoints="2" visitedSequencePoints="0" numBranchPoints="1" visitedBranchPoints="0" sequenceCoverage="0" branchCoverage="0" maxCyclomaticComplexity="1" minCyclomaticComplexity="1" visitedClasses="0" numClasses="0" visitedMethods="0" numMethods="1" />
              <MetadataToken>100663332</MetadataToken>
              <Name>System.Void SourceCode.SmartObjects.Services.Tests.Helpers.AssertHelper::Fail(System.String,System.Object[])</Name>
              <FileRef uid="6" />
              <SequencePoints>
                <SequencePoint vc="0" uspid="196" ordinal="0" offset="0" sl="22" sc="13" el="22" ec="71" bec="0" bev="0" fileid="6" />
                <SequencePoint vc="0" uspid="197" ordinal="1" offset="8" sl="24" sc="13" el="24" ec="92" bec="0" bev="0" fileid="6" />
              </SequencePoints>
              <BranchPoints />
[...]
              <FileRef uid="90" />
              <SequencePoints>
                <SequencePoint vc="0" uspid="2109" ordinal="0" offset="0" sl="32" sc="69" el="32" ec="106" bec="0" bev="0" fileid="90" />
              </SequencePoints>
              <BranchPoints />
              <MethodPoint xsi:type="SequencePoint" vc="0" uspid="2109" ordinal="0" offset="0" sl="32" sc="69" el="32" ec="106" bec="0" bev="0" fileid="90" />
            </Method>
          </Methods>
        </Class>
        <Class>
          <Summary numSequencePoints="1" visitedSequencePoints="0" numBranchPoints="1" visitedBranchPoints="0" sequenceCoverage="0" branchCoverage="0" maxCyclomaticComplexity="1" minCyclomaticComplexity="1" visitedClasses="0" numClasses="1" visitedMethods="0" numMethods="1" />
          <FullName>SourceCode.SmartObjects.Services.Tests.Extensions.SmartObjectExtensions/&lt;&gt;c__DisplayClass3_0`1</FullName>
          <Methods>
            <Method visited="false" cyclomaticComplexity="1" nPathComplexity="0" sequenceCoverage="0" branchCoverage="0" isConstructor="true" isStatic="false" isGetter="false" isSetter="false">
              <Summary numSequencePoints="0" visitedSequencePoints="0" numBranchPoints="0" visitedBranchPoints="0" sequenceCoverage="0" branchCoverage="0" maxCyclomaticComplexity="1" minCyclomaticComplexity="1" visitedClasses="0" numClasses="0" visitedMethods="0" numMethods="0" />
              <MetadataToken>100663432</MetadataToken>
              <Name>System.Void SourceCode.SmartObjects.Services.Tests.Extensions.SmartObjectExtensions/&lt;&gt;c__DisplayClass3_0`1::.ctor()</Name>
              <SequencePoints />
              <BranchPoints />
              <MethodPoint vc="0" uspid="2110" ordinal="0" offset="0" />
            </Method>
            <Method visited="false" cyclomaticComplexity="1" nPathComplexity="0" sequenceCoverage="0" branchCoverage="0" isConstructor="false" isStatic="false" isGetter="false" isSetter="false">
              <Summary numSequencePoints="1" visitedSequencePoints="0" numBranchPoints="1" visitedBranchPoints="0" sequenceCoverage="0" branchCoverage="0" maxCyclomaticComplexity="1" minCyclomaticComplexity="1" visitedClasses="0" numClasses="0" visitedMethods="0" numMethods="1" />
              <MetadataToken>100663433</MetadataToken>
              <Name>System.Boolean SourceCode.SmartObjects.Services.Tests.Extensions.SmartObjectExtensions/&lt;&gt;c__DisplayClass3_0`1::&lt;GetPropertyValue&gt;b__0(SourceCode.SmartObjects.Client.SmartProperty)</Name>
              <FileRef uid="90" />
              <SequencePoints>
                <SequencePoint vc="0" uspid="2111" ordinal="0" offset="0" sl="42" sc="30" el="42" ec="106" bec="0" bev="0" fileid="90" />
              </SequencePoints>
              <BranchPoints />
              <MethodPoint xsi:type="SequencePoint" vc="0" uspid="2111" ordinal="0" offset="0" sl="42" sc="30" el="42" ec="106" bec="0" bev="0" fileid="90" />
            </Method>
          </Methods>
        </Class>
        <Class>
          <Summary numSequencePoints="1" visitedSequencePoints="0" numBranchPoints="1" visitedBranchPoints="0" sequenceCoverage="0" branchCoverage="0" maxCyclomaticComplexity="1" minCyclomaticComplexity="1" visitedClasses="0" numClasses="1" visitedMethods="0" numMethods="1" />
          <FullName>SourceCode.SmartObjects.Services.Tests.Extensions.SmartObjectExtensions/&lt;&gt;c__DisplayClass5_0</FullName>
          <Methods>
            <Method visited="false" cyclomaticComplexity="1" nPathComplexity="0" sequenceCoverage="0" branchCoverage="0" isConstructor="true" isStatic="false" isGetter="false" isSetter="false">
              <Summary numSequencePoints="0" visitedSequencePoints="0" numBranchPoints="0" visitedBranchPoints="0" sequenceCoverage="0" branchCoverage="0" maxCyclomaticComplexity="1" minCyclomaticComplexity="1" visitedClasses="0" numClasses="0" visitedMethods="0" numMethods="0" />
              <MetadataToken>100663434</MetadataToken>
              <Name>System.Void SourceCode.SmartObjects.Services.Tests.Extensions.SmartObjectExtensions/&lt;&gt;c__DisplayClass5_0::.ctor()</Name>
              <SequencePoints />
              <BranchPoints />
              <MethodPoint vc="0" uspid="2112" ordinal="0" offset="0" />
            </Method>
            <Method visited="false" cyclomaticComplexity="1" nPathComplexity="0" sequenceCoverage="0" branchCoverage="0" isConstructor="false" isStatic="false" isGetter="false" isSetter="false">
              <Summary numSequencePoints="1" visitedSequencePoints="0" numBranchPoints="1" visitedBranchPoints="0" sequenceCoverage="0" branchCoverage="0" maxCyclomaticComplexity="1" minCyclomaticComplexity="1" visitedClasses="0" numClasses="0" visitedMethods="0" numMethods="1" />
              <MetadataToken>100663435</MetadataToken>
              <Name>System.Boolean SourceCode.SmartObjects.Services.Tests.Extensions.SmartObjectExtensions/&lt;&gt;c__DisplayClass5_0::&lt;GetReturnProperty&gt;b__0(SourceCode.SmartObjects.Client.SmartProperty)</Name>
              <FileRef uid="90" />
              <SequencePoints>
                <SequencePoint vc="0" uspid="2113" ordinal="0" offset="0" sl="97" sc="33" el="97" ec="109" bec="0" bev="0" fileid="90" />
              </SequencePoints>
              <BranchPoints />
              <MethodPoint xsi:type="SequencePoint" vc="0" uspid="2113" ordinal="0" offset="0" sl="97" sc="33" el="97" ec="109" bec="0" bev="0" fileid="90" />
            </Method>
          </Methods>
        </Class>
        <Class>
          <Summary numSequencePoints="2" visitedSequencePoints="0" numBranchPoints="2" visitedBranchPoints="0" sequenceCoverage="0" branchCoverage="0" maxCyclomaticComplexity="1" minCyclomaticComplexity="1" visitedClasses="0" numClasses="1" visitedMethods="0" numMethods="2" />
          <FullName>SourceCode.SmartObjects.Services.Tests.Extensions.SmartObjectExtensions/&lt;&gt;c__DisplayClass9_0</FullName>
          <Methods>
            <Method visited="false" cyclomaticComplexity="1" nPathComplexity="0" sequenceCoverage="0" branchCoverage="0" isConstructor="true" isStatic="false" isGetter="false" isSetter="false">
              <Summary numSequencePoints="0" visitedSequencePoints="0" numBranchPoints="0" visitedBranchPoints="0" sequenceCoverage="0" branchCoverage="0" maxCyclomaticComplexity="1" minCyclomaticComplexity="1" visitedClasses="0" numClasses="0" visitedMethods="0" numMethods="0" />
              <MetadataToken>100663436</MetadataToken>
              <Name>System.Void SourceCode.SmartObjects.Services.Tests.Extensions.SmartObjectExtensions/&lt;&gt;c__DisplayClass9_0::.ctor()</Name>
              <SequencePoints />
              <BranchPoints />
              <MethodPoint vc="0" uspid="2114" ordinal="0" offset="0" />
            </Method>
            <Method visited="false" cyclomaticComplexity="1" nPathComplexity="0" sequenceCoverage="0" branchCoverage="0" isConstructor="false" isStatic="false" isGetter="false" isSetter="false">
              <Summary numSequencePoints="1" visitedSequencePoints="0" numBranchPoints="1" visitedBranchPoints="0" sequenceCoverage="0" branchCoverage="0" maxCyclomaticComplexity="1" minCyclomaticComplexity="1" visitedClasses="0" numClasses="0" visitedMethods="0" numMethods="1" />
              <MetadataToken>100663437</MetadataToken>
              <Name>System.Boolean SourceCode.SmartObjects.Services.Tests.Extensions.SmartObjectExtensions/&lt;&gt;c__DisplayClass9_0::&lt;SetInputPropertyValue&gt;b__0(SourceCode.SmartObjects.Client.SmartMethodBase)</Name>
              <FileRef uid="90" />
              <SequencePoints>
                <SequencePoint vc="0" uspid="2115" ordinal="0" offset="0" sl="134" sc="60" el="134" ec="97" bec="0" bev="0" fileid="90" />
              </SequencePoints>
              <BranchPoints />
              <MethodPoint xsi:type="SequencePoint" vc="0" uspid="2115" ordinal="0" offset="0" sl="134" sc="60" el="134" ec="97" bec="0" bev="0" fileid="90" />
            </Method>
            <Method visited="false" cyclomaticComplexity="1" nPathComplexity="0" sequenceCoverage="0" branchCoverage="0" isConstructor="false" isStatic="false" isGetter="false" isSetter="false">
              <Summary numSequencePoints="1" visitedSequencePoints="0" numBranchPoints="1" visitedBranchPoints="0" sequenceCoverage="0" branchCoverage="0" maxCyclomaticComplexity="1" minCyclomaticComplexity="1" visitedClasses="0" numClasses="0" visitedMethods="0" numMethods="1" />
              <MetadataToken>100663438</MetadataToken>
              <Name>System.Boolean SourceCode.SmartObjects.Services.Tests.Extensions.SmartObjectExtensions/&lt;&gt;c__DisplayClass9_0::&lt;SetInputPropertyValue&gt;b__1(SourceCode.SmartObjects.Client.SmartProperty)</Name>
              <FileRef uid="90" />
              <SequencePoints>
                <SequencePoint vc="0" uspid="2116" ordinal="0" offset="0" sl="141" sc="29" el="141" ec="105" bec="0" bev="0" fileid="90" />
              </SequencePoints>
              <BranchPoints />
              <MethodPoint xsi:type="SequencePoint" vc="0" uspid="2116" ordinal="0" offset="0" sl="141" sc="29" el="141" ec="105" bec="0" bev="0" fileid="90" />
            </Method>
          </Methods>
        </Class>
        <Class>
          <Summary numSequencePoints="12" visitedSequencePoints="0" numBranchPoints="5" visitedBranchPoints="0" sequenceCoverage="0" branchCoverage="0" maxCyclomaticComplexity="3" minCyclomaticComplexity="1" visitedClasses="0" numClasses="1" visitedMethods="0" numMethods="3" />
          <FullName>SourceCode.SmartObjects.Services.Tests.Extensions.SmartObjectManagementServerExtensions</FullName>
          <Methods>
            <Method visited="false" cyclomaticComplexity="1" nPathComplexity="0" sequenceCoverage="0" branchCoverage="0" isConstructor="false" isStatic="true" isGetter="false" isSetter="false">
              <Summary numSequencePoints="2" visitedSequencePoints="0" numBranchPoints="1" visitedBranchPoints="0" sequenceCoverage="0" branchCoverage="0" maxCyclomaticComplexity="1" minCyclomaticComplexity="1" visitedClasses="0" numClasses="0" visitedMethods="0" numMethods="1" />
              <MetadataToken>100663414</MetadataToken>
              <Name>System.Boolean SourceCode.SmartObjects.Services.Tests.Extensions.SmartObjectManagementServerExtensions::ContainsSmartObject(SourceCode.SmartObjects.Management.SmartObjectManagementServer,System.String)</Name>
              <FileRef uid="95" />
              <SequencePoints>
                <SequencePoint vc="0" uspid="2117" ordinal="0" offset="0" sl="11" sc="13" el="11" ec="42" bec="0" bev="0" fileid="95" />
                <SequencePoint vc="0" uspid="2118" ordinal="1" offset="11" sl="13" sc="13" el="13" ec="77" bec="0" bev="0" fileid="95" />
              </SequencePoints>
              <BranchPoints />
              <MethodPoint xsi:type="SequencePoint" vc="0" uspid="2117" ordinal="0" offset="0" sl="11" sc="13" el="11" ec="42" bec="0" bev="0" fileid="95" />
            </Method>
            <Method visited="false" cyclomaticComplexity="2" nPathComplexity="2" sequenceCoverage="0" branchCoverage="0" isConstructor="false" isStatic="true" isGetter="false" isSetter="false">
              <Summary numSequencePoints="4" visitedSequencePoints="0" numBranchPoints="3" visitedBranchPoints="0" sequenceCoverage="0" branchCoverage="0" maxCyclomaticComplexity="2" minCyclomaticComplexity="2" visitedClasses="0" numClasses="0" visitedMethods="0" numMethods="1" />
              <MetadataToken>100663415</MetadataToken>
              <Name>System.Void SourceCode.SmartObjects.Services.Tests.Extensions.SmartObjectManagementServerExtensions::DeleteSmartObject(SourceCode.SmartObjects.Management.SmartObjectManagementServer,System.String)</Name>
              <FileRef uid="95" />
              <SequencePoints>
                <SequencePoint vc="0" uspid="2119" ordinal="0" offset="0" sl="18" sc="13" el="18" ec="42" bec="0" bev="0" fileid="95" />
                <SequencePoint vc="0" uspid="2120" ordinal="1" offset="11" sl="20" sc="13" el="20" ec="56" bec="2" bev="0" fileid="95" />
                <SequencePoint vc="0" uspid="2121" ordinal="2" offset="20" sl="22" sc="17" el="22" ec="60" bec="0" bev="0" fileid="95" />
                <SequencePoint vc="0" uspid="2122" ordinal="3" offset="28" sl="24" sc="9" el="24" ec="10" bec="0" bev="0" fileid="95" />
              </SequencePoints>
              <BranchPoints>
                <BranchPoint vc="0" uspid="2123" ordinal="0" offset="18" sl="20" path="0" offsetend="20" fileid="95" />
                <BranchPoint vc="0" uspid="2124" ordinal="1" offset="18" sl="20" path="1" offsetend="28" fileid="95" />
              </BranchPoints>
              <MethodPoint xsi:type="SequencePoint" vc="0" uspid="2119" ordinal="0" offset="0" sl="18" sc="13" el="18" ec="42" bec="0" bev="0" fileid="95" />
            </Method>
            <Method visited="false" cyclomaticComplexity="3" nPathComplexity="0" sequenceCoverage="0" branchCoverage="0" isConstructor="false" isStatic="true" isGetter="false" isSetter="false">
              <Summary numSequencePoints="6" visitedSequencePoints="0" numBranchPoints="1" visitedBranchPoints="0" sequenceCoverage="0" branchCoverage="0" maxCyclomaticComplexity="3" minCyclomaticComplexity="3" visitedClasses="0" numClasses="0" visitedMethods="0" numMethods="1" />
              <MetadataToken>100663416</MetadataToken>
              <Name>System.Void SourceCode.SmartObjects.Services.Tests.Extensions.SmartObjectManagementServerExtensions::DeleteSmartObjects(SourceCode.SmartObjects.Management.SmartObjectManagementServer,System.Guid)</Name>
              <FileRef uid="95" />
              <SequencePoints>
                <SequencePoint vc="0" uspid="2125" ordinal="0" offset="0" sl="28" sc="13" el="28" ec="42" bec="0" bev="0" fileid="95" />
                <SequencePoint vc="0" uspid="2126" ordinal="1" offset="11" sl="30" sc="53" el="30" ec="109" bec="0" bev="0" fileid="95" />
                <SequencePoint vc="0" uspid="2127" ordinal="2" offset="31" sl="30" sc="22" el="30" ec="49" bec="0" bev="0" fileid="95" />
                <SequencePoint vc="0" uspid="2128" ordinal="3" offset="43" sl="32" sc="17" el="32" ec="60" bec="0" bev="0" fileid="95" />
                <SequencePoint vc="0" uspid="2129" ordinal="4" offset="55" sl="30" sc="50" el="30" ec="52" bec="0" bev="0" fileid="95" />
                <SequencePoint vc="0" uspid="2130" ordinal="5" offset="82" sl="34" sc="9" el="34" ec="10" bec="0" bev="0" fileid="95" />
              </SequencePoints>
              <BranchPoints />
              <MethodPoint xsi:type="SequencePoint" vc="0" uspid="2125" ordinal="0" offset="0" sl="28" sc="13" el="28" ec="42" bec="0" bev="0" fileid="95" />
            </Method>
          </Methods>
        </Class>
        <Class>
          <Summary numSequencePoints="6" visitedSequencePoints="0" numBranchPoints="6" visitedBranchPoints="0" sequenceCoverage="0" branchCoverage="0" maxCyclomaticComplexity="2" minCyclomaticComplexity="2" visitedClasses="0" numClasses="1" visitedMethods="0" numMethods="2" />
          <FullName>SourceCode.SmartObjects.Services.Tests.Extensions.ValidationExtensions</FullName>
          <Methods>
            <Method visited="false" cyclomaticComplexity="2" nPathComplexity="2" sequenceCoverage="0" branchCoverage="0" isConstructor="false" isStatic="true" isGetter="false" isSetter="false">
              <Summary numSequencePoints="3" visitedSequencePoints="0" numBranchPoints="3" visitedBranchPoints="0" sequenceCoverage="0" branchCoverage="0" maxCyclomaticComplexity="2" minCyclomaticComplexity="2" visitedClasses="0" numClasses="0" visitedMethods="0" numMethods="1" />
              <MetadataToken>100663417</MetadataToken>
              <Name>System.Void SourceCode.SmartObjects.Services.Tests.Extensions.ValidationExtensions::ThrowIfNull(T,System.String)</Name>
              <FileRef uid="96" />
              <SequencePoints>
                <SequencePoint vc="0" uspid="2133" ordinal="0" offset="0" sl="19" sc="13" el="19" ec="35" bec="2" bev="0" fileid="96" />
                <SequencePoint vc="0" uspid="2134" ordinal="1" offset="8" sl="20" sc="17" el="20" ec="90" bec="0" bev="0" fileid="96" />
                <SequencePoint vc="0" uspid="2135" ordinal="2" offset="20" sl="21" sc="9" el="21" ec="10" bec="0" bev="0" fileid="96" />
              </SequencePoints>
              <BranchPoints>
                <BranchPoint vc="0" uspid="2136" ordinal="0" offset="6" sl="19" path="0" offsetend="8" fileid="96" />
                <BranchPoint vc="0" uspid="2137" ordinal="1" offset="6" sl="19" path="1" offsetend="20" fileid="96" />
              </BranchPoints>
              <MethodPoint xsi:type="SequencePoint" vc="0" uspid="2133" ordinal="0" offset="0" sl="19" sc="13" el="19" ec="35" bec="2" bev="0" fileid="96" />
            </Method>
            <Method visited="false" cyclomaticComplexity="2" nPathComplexity="2" sequenceCoverage="0" branchCoverage="0" isConstructor="false" isStatic="true" isGetter="false" isSetter="false">
              <Summary numSequencePoints="3" visitedSequencePoints="0" numBranchPoints="3" visitedBranchPoints="0" sequenceCoverage="0" branchCoverage="0" maxCyclomaticComplexity="2" minCyclomaticComplexity="2" visitedClasses="0" numClasses="0" visitedMethods="0" numMethods="1" />
              <MetadataToken>100663418</MetadataToken>
              <Name>System.Void SourceCode.SmartObjects.Services.Tests.Extensions.ValidationExtensions::ThrowIfNullOrWhiteSpace(System.String,System.String)</Name>
              <FileRef uid="96" />
              <SequencePoints>
                <SequencePoint vc="0" uspid="2138" ordinal="0" offset="0" sl="31" sc="13" el="31" ec="50" bec="2" bev="0" fileid="96" />
                <SequencePoint vc="0" uspid="2139" ordinal="1" offset="8" sl="32" sc="17" el="32" ec="81" bec="0" bev="0" fileid="96" />
                <SequencePoint vc="0" uspid="2140" ordinal="2" offset="20" sl="33" sc="9" el="33" ec="10" bec="0" bev="0" fileid="96" />
              </SequencePoints>
              <BranchPoints>
                <BranchPoint vc="0" uspid="2141" ordinal="0" offset="6" sl="31" path="0" offsetend="8" fileid="96" />
                <BranchPoint vc="0" uspid="2142" ordinal="1" offset="6" sl="31" path="1" offsetend="20" fileid="96" />
              </BranchPoints>
              <MethodPoint xsi:type="SequencePoint" vc="0" uspid="2138" ordinal="0" offset="0" sl="31" sc="13" el="31" ec="50" bec="2" bev="0" fileid="96" />
            </Method>
          </Methods>
        </Class>
      </Classes>
    </Module>
    <Module skippedDueTo="Filter" hash="13-23-80-B4-1A-3C-33-EA-B7-8A-FE-71-27-FD-BA-DE-BC-F6-00-CD">
      <ModulePath>C:\Windows\assembly\GAC_32\SourceCode.HostClientAPI\4.0.0.0__16a2c5aaaa1b130d\SourceCode.HostClientAPI.dll</ModulePath>
      <ModuleTime>2017-07-11T09:30:04.5038142Z</ModuleTime>
      <ModuleName>SourceCode.HostClientAPI</ModuleName>
      <Classes />
    </Module>
    <Module skippedDueTo="Filter" hash="F4-00-DA-CD-4C-CC-74-8E-EC-F0-28-0E-2C-32-14-18-0A-9E-E2-ED">
      <ModulePath>C:\Windows\WinSxS\x86_microsoft.vc90.crt_1fc8b3b9a1e18e3b_9.0.30729.8387_none_5094ca96bcb6b2bb\msvcm90.dll</ModulePath>
      <ModuleTime>2013-08-03T04:40:17.5985399Z</ModuleTime>
      <ModuleName>msvcm90</ModuleName>
      <Classes />
    </Module>
    <Module skippedDueTo="Filter" hash="F4-00-DA-CD-4C-CC-74-8E-EC-F0-28-0E-2C-32-14-18-0A-9E-E2-ED">
      <ModulePath>C:\Windows\WinSxS\x86_microsoft.vc90.crt_1fc8b3b9a1e18e3b_9.0.30729.8387_none_5094ca96bcb6b2bb\msvcm90.dll</ModulePath>
      <ModuleTime>2013-08-03T04:40:17.5985399Z</ModuleTime>
      <ModuleName>msvcm90</ModuleName>
      <Classes />
    </Module>
  </Modules>
</CoverageSession>